[2020-10-16T09:30:55,124][INFO ][o.e.n.Node               ] [] initializing ...
[2020-10-16T09:30:55,547][INFO ][o.e.e.NodeEnvironment    ] [hHj-txf] using [1] data paths, mounts [[Elements (E:)]], net usable_space [295.2gb], net total_space [465.7gb], spins? [unknown], types [NTFS]
[2020-10-16T09:30:55,548][INFO ][o.e.e.NodeEnvironment    ] [hHj-txf] heap size [1.9gb], compressed ordinary object pointers [true]
[2020-10-16T09:30:55,850][INFO ][o.e.n.Node               ] node name [hHj-txf] derived from node ID [hHj-txf9QGabFfsXAWjKpw]; set [node.name] to override
[2020-10-16T09:30:55,851][INFO ][o.e.n.Node               ] version[5.6.0], pid[16964], build[781a835/2017-09-07T03:09:58.087Z], OS[Windows 10/10.0/amd64], JVM[Oracle Corporation/Java HotSpot(TM) 64-Bit Server VM/1.8.0_261/25.261-b12]
[2020-10-16T09:30:55,854][INFO ][o.e.n.Node               ] JVM arguments [-Xms2g, -Xmx2g, -XX:+UseConcMarkSweepGC, -XX:CMSInitiatingOccupancyFraction=75, -XX:+UseCMSInitiatingOccupancyOnly, -XX:+AlwaysPreTouch, -Xss1m, -Djava.awt.headless=true, -Dfile.encoding=UTF-8, -Djna.nosys=true, -Djdk.io.permissionsUseCanonicalPath=true, -Dio.netty.noUnsafe=true, -Dio.netty.noKeySetOptimization=true, -Dio.netty.recycler.maxCapacityPerThread=0, -Dlog4j.shutdownHookEnabled=false, -Dlog4j2.disable.jmx=true, -Dlog4j.skipJansi=true, -XX:+HeapDumpOnOutOfMemoryError, -Delasticsearch, -Des.path.home=E:\DuAn\vnetcore\elasticsearch-5.6.0]
[2020-10-16T09:31:02,329][INFO ][o.e.p.PluginsService     ] [hHj-txf] loaded module [aggs-matrix-stats]
[2020-10-16T09:31:02,329][INFO ][o.e.p.PluginsService     ] [hHj-txf] loaded module [ingest-common]
[2020-10-16T09:31:02,329][INFO ][o.e.p.PluginsService     ] [hHj-txf] loaded module [lang-expression]
[2020-10-16T09:31:02,330][INFO ][o.e.p.PluginsService     ] [hHj-txf] loaded module [lang-groovy]
[2020-10-16T09:31:02,330][INFO ][o.e.p.PluginsService     ] [hHj-txf] loaded module [lang-mustache]
[2020-10-16T09:31:02,330][INFO ][o.e.p.PluginsService     ] [hHj-txf] loaded module [lang-painless]
[2020-10-16T09:31:02,330][INFO ][o.e.p.PluginsService     ] [hHj-txf] loaded module [parent-join]
[2020-10-16T09:31:02,330][INFO ][o.e.p.PluginsService     ] [hHj-txf] loaded module [percolator]
[2020-10-16T09:31:02,331][INFO ][o.e.p.PluginsService     ] [hHj-txf] loaded module [reindex]
[2020-10-16T09:31:02,331][INFO ][o.e.p.PluginsService     ] [hHj-txf] loaded module [transport-netty3]
[2020-10-16T09:31:02,333][INFO ][o.e.p.PluginsService     ] [hHj-txf] loaded module [transport-netty4]
[2020-10-16T09:31:02,335][INFO ][o.e.p.PluginsService     ] [hHj-txf] no plugins loaded
[2020-10-16T09:31:08,138][INFO ][o.e.d.DiscoveryModule    ] [hHj-txf] using discovery type [zen]
[2020-10-16T09:31:09,391][INFO ][o.e.n.Node               ] initialized
[2020-10-16T09:31:09,391][INFO ][o.e.n.Node               ] [hHj-txf] starting ...
[2020-10-16T09:31:10,667][INFO ][o.e.t.TransportService   ] [hHj-txf] publish_address {127.0.0.1:9300}, bound_addresses {127.0.0.1:9300}, {[::1]:9300}
[2020-10-16T09:31:13,844][INFO ][o.e.c.s.ClusterService   ] [hHj-txf] new_master {hHj-txf}{hHj-txf9QGabFfsXAWjKpw}{R1IuKQm0SSiH1-DGPjTN4w}{127.0.0.1}{127.0.0.1:9300}, reason: zen-disco-elected-as-master ([0] nodes joined)
[2020-10-16T09:31:14,759][INFO ][o.e.g.GatewayService     ] [hHj-txf] recovered [2] indices into cluster_state
[2020-10-16T09:31:15,241][INFO ][o.e.h.n.Netty4HttpServerTransport] [hHj-txf] publish_address {127.0.0.1:9200}, bound_addresses {127.0.0.1:9200}, {[::1]:9200}
[2020-10-16T09:31:15,242][INFO ][o.e.n.Node               ] [hHj-txf] started
[2020-10-16T09:31:16,234][INFO ][o.e.c.r.a.AllocationService] [hHj-txf] Cluster health status changed from [RED] to [YELLOW] (reason: [shards started [[product_suggest][4], [product_suggest][3]] ...]).
[2020-10-16T09:58:14,825][INFO ][o.e.c.m.MetaDataDeleteIndexService] [hHj-txf] [product_suggest_nbv/fMmPFi2IRIWBJM9Kf1YVwQ] deleting index
[2020-10-16T09:58:14,878][DEBUG][o.e.a.s.TransportSearchAction] [hHj-txf] All shards failed for phase: [query]
[2020-10-16T09:58:14,880][WARN ][r.suppressed             ] path: /product_suggest_nbv/_search, params: {index=product_suggest_nbv}
org.elasticsearch.action.search.SearchPhaseExecutionException: all shards failed
	at org.elasticsearch.action.search.AbstractSearchAsyncAction.onPhaseFailure(AbstractSearchAsyncAction.java:272) [elasticsearch-5.6.0.jar:5.6.0]
	at org.elasticsearch.action.search.AbstractSearchAsyncAction.executeNextPhase(AbstractSearchAsyncAction.java:130) [elasticsearch-5.6.0.jar:5.6.0]
	at org.elasticsearch.action.search.AbstractSearchAsyncAction.onPhaseDone(AbstractSearchAsyncAction.java:241) [elasticsearch-5.6.0.jar:5.6.0]
	at org.elasticsearch.action.search.InitialSearchPhase.onShardFailure(InitialSearchPhase.java:90) [elasticsearch-5.6.0.jar:5.6.0]
	at org.elasticsearch.action.search.InitialSearchPhase.access$100(InitialSearchPhase.java:46) [elasticsearch-5.6.0.jar:5.6.0]
	at org.elasticsearch.action.search.InitialSearchPhase$1.onFailure(InitialSearchPhase.java:169) [elasticsearch-5.6.0.jar:5.6.0]
	at org.elasticsearch.action.ActionListenerResponseHandler.handleException(ActionListenerResponseHandler.java:51) [elasticsearch-5.6.0.jar:5.6.0]
	at org.elasticsearch.transport.TransportService$ContextRestoreResponseHandler.handleException(TransportService.java:1067) [elasticsearch-5.6.0.jar:5.6.0]
	at org.elasticsearch.transport.TransportService$DirectResponseChannel.processException(TransportService.java:1171) [elasticsearch-5.6.0.jar:5.6.0]
	at org.elasticsearch.transport.TransportService$DirectResponseChannel.sendResponse(TransportService.java:1149) [elasticsearch-5.6.0.jar:5.6.0]
	at org.elasticsearch.transport.TransportService$7.onFailure(TransportService.java:655) [elasticsearch-5.6.0.jar:5.6.0]
	at org.elasticsearch.common.util.concurrent.ThreadContext$ContextPreservingAbstractRunnable.onFailure(ThreadContext.java:623) [elasticsearch-5.6.0.jar:5.6.0]
	at org.elasticsearch.common.util.concurrent.AbstractRunnable.run(AbstractRunnable.java:39) [elasticsearch-5.6.0.jar:5.6.0]
	at java.util.concurrent.ThreadPoolExecutor.runWorker(Unknown Source) [?:1.8.0_261]
	at java.util.concurrent.ThreadPoolExecutor$Worker.run(Unknown Source) [?:1.8.0_261]
	at java.lang.Thread.run(Unknown Source) [?:1.8.0_261]
[2020-10-16T09:58:15,252][DEBUG][o.e.a.a.i.d.TransportDeleteIndexAction] [hHj-txf] failed to delete indices [[[product_suggest_nbv/fMmPFi2IRIWBJM9Kf1YVwQ]]]
org.elasticsearch.index.IndexNotFoundException: no such index
	at org.elasticsearch.cluster.metadata.MetaData.getIndexSafe(MetaData.java:473) ~[elasticsearch-5.6.0.jar:5.6.0]
	at org.elasticsearch.cluster.metadata.MetaDataDeleteIndexService.lambda$deleteIndices$0(MetaDataDeleteIndexService.java:89) ~[elasticsearch-5.6.0.jar:5.6.0]
	at java.util.stream.ReferencePipeline$3$1.accept(Unknown Source) ~[?:1.8.0_261]
	at java.util.HashMap$KeySpliterator.forEachRemaining(Unknown Source) ~[?:1.8.0_261]
	at java.util.stream.AbstractPipeline.copyInto(Unknown Source) ~[?:1.8.0_261]
	at java.util.stream.AbstractPipeline.wrapAndCopyInto(Unknown Source) ~[?:1.8.0_261]
	at java.util.stream.ReduceOps$ReduceOp.evaluateSequential(Unknown Source) ~[?:1.8.0_261]
	at java.util.stream.AbstractPipeline.evaluate(Unknown Source) ~[?:1.8.0_261]
	at java.util.stream.ReferencePipeline.collect(Unknown Source) ~[?:1.8.0_261]
	at org.elasticsearch.cluster.metadata.MetaDataDeleteIndexService.deleteIndices(MetaDataDeleteIndexService.java:89) ~[elasticsearch-5.6.0.jar:5.6.0]
	at org.elasticsearch.cluster.metadata.MetaDataDeleteIndexService$1.execute(MetaDataDeleteIndexService.java:79) ~[elasticsearch-5.6.0.jar:5.6.0]
	at org.elasticsearch.cluster.ClusterStateUpdateTask.execute(ClusterStateUpdateTask.java:45) ~[elasticsearch-5.6.0.jar:5.6.0]
	at org.elasticsearch.cluster.service.ClusterService.executeTasks(ClusterService.java:634) ~[elasticsearch-5.6.0.jar:5.6.0]
	at org.elasticsearch.cluster.service.ClusterService.calculateTaskOutputs(ClusterService.java:612) ~[elasticsearch-5.6.0.jar:5.6.0]
	at org.elasticsearch.cluster.service.ClusterService.runTasks(ClusterService.java:571) [elasticsearch-5.6.0.jar:5.6.0]
	at org.elasticsearch.cluster.service.ClusterService$ClusterServiceTaskBatcher.run(ClusterService.java:263) [elasticsearch-5.6.0.jar:5.6.0]
	at org.elasticsearch.cluster.service.TaskBatcher.runIfNotProcessed(TaskBatcher.java:150) [elasticsearch-5.6.0.jar:5.6.0]
	at org.elasticsearch.cluster.service.TaskBatcher$BatchedTask.run(TaskBatcher.java:188) [elasticsearch-5.6.0.jar:5.6.0]
	at org.elasticsearch.common.util.concurrent.ThreadContext$ContextPreservingRunnable.run(ThreadContext.java:569) [elasticsearch-5.6.0.jar:5.6.0]
	at org.elasticsearch.common.util.concurrent.PrioritizedEsThreadPoolExecutor$TieBreakingPrioritizedRunnable.runAndClean(PrioritizedEsThreadPoolExecutor.java:247) [elasticsearch-5.6.0.jar:5.6.0]
	at org.elasticsearch.common.util.concurrent.PrioritizedEsThreadPoolExecutor$TieBreakingPrioritizedRunnable.run(PrioritizedEsThreadPoolExecutor.java:210) [elasticsearch-5.6.0.jar:5.6.0]
	at java.util.concurrent.ThreadPoolExecutor.runWorker(Unknown Source) [?:1.8.0_261]
	at java.util.concurrent.ThreadPoolExecutor$Worker.run(Unknown Source) [?:1.8.0_261]
	at java.lang.Thread.run(Unknown Source) [?:1.8.0_261]
[2020-10-16T09:58:15,285][DEBUG][o.e.a.a.i.d.TransportDeleteIndexAction] [hHj-txf] failed to delete indices [[[product_suggest_nbv/fMmPFi2IRIWBJM9Kf1YVwQ]]]
org.elasticsearch.index.IndexNotFoundException: no such index
	at org.elasticsearch.cluster.metadata.MetaData.getIndexSafe(MetaData.java:473) ~[elasticsearch-5.6.0.jar:5.6.0]
	at org.elasticsearch.cluster.metadata.MetaDataDeleteIndexService.lambda$deleteIndices$0(MetaDataDeleteIndexService.java:89) ~[elasticsearch-5.6.0.jar:5.6.0]
	at java.util.stream.ReferencePipeline$3$1.accept(Unknown Source) ~[?:1.8.0_261]
	at java.util.HashMap$KeySpliterator.forEachRemaining(Unknown Source) ~[?:1.8.0_261]
	at java.util.stream.AbstractPipeline.copyInto(Unknown Source) ~[?:1.8.0_261]
	at java.util.stream.AbstractPipeline.wrapAndCopyInto(Unknown Source) ~[?:1.8.0_261]
	at java.util.stream.ReduceOps$ReduceOp.evaluateSequential(Unknown Source) ~[?:1.8.0_261]
	at java.util.stream.AbstractPipeline.evaluate(Unknown Source) ~[?:1.8.0_261]
	at java.util.stream.ReferencePipeline.collect(Unknown Source) ~[?:1.8.0_261]
	at org.elasticsearch.cluster.metadata.MetaDataDeleteIndexService.deleteIndices(MetaDataDeleteIndexService.java:89) ~[elasticsearch-5.6.0.jar:5.6.0]
	at org.elasticsearch.cluster.metadata.MetaDataDeleteIndexService$1.execute(MetaDataDeleteIndexService.java:79) ~[elasticsearch-5.6.0.jar:5.6.0]
	at org.elasticsearch.cluster.ClusterStateUpdateTask.execute(ClusterStateUpdateTask.java:45) ~[elasticsearch-5.6.0.jar:5.6.0]
	at org.elasticsearch.cluster.service.ClusterService.executeTasks(ClusterService.java:634) ~[elasticsearch-5.6.0.jar:5.6.0]
	at org.elasticsearch.cluster.service.ClusterService.calculateTaskOutputs(ClusterService.java:612) ~[elasticsearch-5.6.0.jar:5.6.0]
	at org.elasticsearch.cluster.service.ClusterService.runTasks(ClusterService.java:571) [elasticsearch-5.6.0.jar:5.6.0]
	at org.elasticsearch.cluster.service.ClusterService$ClusterServiceTaskBatcher.run(ClusterService.java:263) [elasticsearch-5.6.0.jar:5.6.0]
	at org.elasticsearch.cluster.service.TaskBatcher.runIfNotProcessed(TaskBatcher.java:150) [elasticsearch-5.6.0.jar:5.6.0]
	at org.elasticsearch.cluster.service.TaskBatcher$BatchedTask.run(TaskBatcher.java:188) [elasticsearch-5.6.0.jar:5.6.0]
	at org.elasticsearch.common.util.concurrent.ThreadContext$ContextPreservingRunnable.run(ThreadContext.java:569) [elasticsearch-5.6.0.jar:5.6.0]
	at org.elasticsearch.common.util.concurrent.PrioritizedEsThreadPoolExecutor$TieBreakingPrioritizedRunnable.runAndClean(PrioritizedEsThreadPoolExecutor.java:247) [elasticsearch-5.6.0.jar:5.6.0]
	at org.elasticsearch.common.util.concurrent.PrioritizedEsThreadPoolExecutor$TieBreakingPrioritizedRunnable.run(PrioritizedEsThreadPoolExecutor.java:210) [elasticsearch-5.6.0.jar:5.6.0]
	at java.util.concurrent.ThreadPoolExecutor.runWorker(Unknown Source) [?:1.8.0_261]
	at java.util.concurrent.ThreadPoolExecutor$Worker.run(Unknown Source) [?:1.8.0_261]
	at java.lang.Thread.run(Unknown Source) [?:1.8.0_261]
[2020-10-16T09:58:15,293][DEBUG][o.e.a.a.i.d.TransportDeleteIndexAction] [hHj-txf] failed to delete indices [[[product_suggest_nbv/fMmPFi2IRIWBJM9Kf1YVwQ]]]
org.elasticsearch.index.IndexNotFoundException: no such index
	at org.elasticsearch.cluster.metadata.MetaData.getIndexSafe(MetaData.java:473) ~[elasticsearch-5.6.0.jar:5.6.0]
	at org.elasticsearch.cluster.metadata.MetaDataDeleteIndexService.lambda$deleteIndices$0(MetaDataDeleteIndexService.java:89) ~[elasticsearch-5.6.0.jar:5.6.0]
	at java.util.stream.ReferencePipeline$3$1.accept(Unknown Source) ~[?:1.8.0_261]
	at java.util.HashMap$KeySpliterator.forEachRemaining(Unknown Source) ~[?:1.8.0_261]
	at java.util.stream.AbstractPipeline.copyInto(Unknown Source) ~[?:1.8.0_261]
	at java.util.stream.AbstractPipeline.wrapAndCopyInto(Unknown Source) ~[?:1.8.0_261]
	at java.util.stream.ReduceOps$ReduceOp.evaluateSequential(Unknown Source) ~[?:1.8.0_261]
	at java.util.stream.AbstractPipeline.evaluate(Unknown Source) ~[?:1.8.0_261]
	at java.util.stream.ReferencePipeline.collect(Unknown Source) ~[?:1.8.0_261]
	at org.elasticsearch.cluster.metadata.MetaDataDeleteIndexService.deleteIndices(MetaDataDeleteIndexService.java:89) ~[elasticsearch-5.6.0.jar:5.6.0]
	at org.elasticsearch.cluster.metadata.MetaDataDeleteIndexService$1.execute(MetaDataDeleteIndexService.java:79) ~[elasticsearch-5.6.0.jar:5.6.0]
	at org.elasticsearch.cluster.ClusterStateUpdateTask.execute(ClusterStateUpdateTask.java:45) ~[elasticsearch-5.6.0.jar:5.6.0]
	at org.elasticsearch.cluster.service.ClusterService.executeTasks(ClusterService.java:634) ~[elasticsearch-5.6.0.jar:5.6.0]
	at org.elasticsearch.cluster.service.ClusterService.calculateTaskOutputs(ClusterService.java:612) ~[elasticsearch-5.6.0.jar:5.6.0]
	at org.elasticsearch.cluster.service.ClusterService.runTasks(ClusterService.java:571) [elasticsearch-5.6.0.jar:5.6.0]
	at org.elasticsearch.cluster.service.ClusterService$ClusterServiceTaskBatcher.run(ClusterService.java:263) [elasticsearch-5.6.0.jar:5.6.0]
	at org.elasticsearch.cluster.service.TaskBatcher.runIfNotProcessed(TaskBatcher.java:150) [elasticsearch-5.6.0.jar:5.6.0]
	at org.elasticsearch.cluster.service.TaskBatcher$BatchedTask.run(TaskBatcher.java:188) [elasticsearch-5.6.0.jar:5.6.0]
	at org.elasticsearch.common.util.concurrent.ThreadContext$ContextPreservingRunnable.run(ThreadContext.java:569) [elasticsearch-5.6.0.jar:5.6.0]
	at org.elasticsearch.common.util.concurrent.PrioritizedEsThreadPoolExecutor$TieBreakingPrioritizedRunnable.runAndClean(PrioritizedEsThreadPoolExecutor.java:247) [elasticsearch-5.6.0.jar:5.6.0]
	at org.elasticsearch.common.util.concurrent.PrioritizedEsThreadPoolExecutor$TieBreakingPrioritizedRunnable.run(PrioritizedEsThreadPoolExecutor.java:210) [elasticsearch-5.6.0.jar:5.6.0]
	at java.util.concurrent.ThreadPoolExecutor.runWorker(Unknown Source) [?:1.8.0_261]
	at java.util.concurrent.ThreadPoolExecutor$Worker.run(Unknown Source) [?:1.8.0_261]
	at java.lang.Thread.run(Unknown Source) [?:1.8.0_261]
[2020-10-16T09:58:15,560][INFO ][o.e.c.m.MetaDataCreateIndexService] [hHj-txf] [product_suggest_nbv] creating index, cause [api], templates [], shards [5]/[1], mappings [productes]
[2020-10-16T11:08:06,640][INFO ][o.e.c.m.MetaDataDeleteIndexService] [hHj-txf] [product_suggest_nbv/lknr7vnSRKOMniYwddzebw] deleting index
[2020-10-16T11:08:07,342][DEBUG][o.e.a.s.TransportSearchAction] [hHj-txf] All shards failed for phase: [query]
[2020-10-16T11:08:07,346][WARN ][r.suppressed             ] path: /product_suggest_nbv/_search, params: {index=product_suggest_nbv}
org.elasticsearch.action.search.SearchPhaseExecutionException: all shards failed
	at org.elasticsearch.action.search.AbstractSearchAsyncAction.onPhaseFailure(AbstractSearchAsyncAction.java:272) [elasticsearch-5.6.0.jar:5.6.0]
	at org.elasticsearch.action.search.AbstractSearchAsyncAction.executeNextPhase(AbstractSearchAsyncAction.java:130) [elasticsearch-5.6.0.jar:5.6.0]
	at org.elasticsearch.action.search.AbstractSearchAsyncAction.onPhaseDone(AbstractSearchAsyncAction.java:241) [elasticsearch-5.6.0.jar:5.6.0]
	at org.elasticsearch.action.search.InitialSearchPhase.onShardFailure(InitialSearchPhase.java:90) [elasticsearch-5.6.0.jar:5.6.0]
	at org.elasticsearch.action.search.InitialSearchPhase.access$100(InitialSearchPhase.java:46) [elasticsearch-5.6.0.jar:5.6.0]
	at org.elasticsearch.action.search.InitialSearchPhase$1.onFailure(InitialSearchPhase.java:169) [elasticsearch-5.6.0.jar:5.6.0]
	at org.elasticsearch.action.ActionListenerResponseHandler.handleException(ActionListenerResponseHandler.java:51) [elasticsearch-5.6.0.jar:5.6.0]
	at org.elasticsearch.transport.TransportService$ContextRestoreResponseHandler.handleException(TransportService.java:1067) [elasticsearch-5.6.0.jar:5.6.0]
	at org.elasticsearch.transport.TransportService$DirectResponseChannel.processException(TransportService.java:1171) [elasticsearch-5.6.0.jar:5.6.0]
	at org.elasticsearch.transport.TransportService$DirectResponseChannel.sendResponse(TransportService.java:1149) [elasticsearch-5.6.0.jar:5.6.0]
	at org.elasticsearch.transport.TransportService$7.onFailure(TransportService.java:655) [elasticsearch-5.6.0.jar:5.6.0]
	at org.elasticsearch.common.util.concurrent.ThreadContext$ContextPreservingAbstractRunnable.onFailure(ThreadContext.java:623) [elasticsearch-5.6.0.jar:5.6.0]
	at org.elasticsearch.common.util.concurrent.AbstractRunnable.run(AbstractRunnable.java:39) [elasticsearch-5.6.0.jar:5.6.0]
	at java.util.concurrent.ThreadPoolExecutor.runWorker(Unknown Source) [?:1.8.0_261]
	at java.util.concurrent.ThreadPoolExecutor$Worker.run(Unknown Source) [?:1.8.0_261]
	at java.lang.Thread.run(Unknown Source) [?:1.8.0_261]
[2020-10-16T11:08:08,088][DEBUG][o.e.a.a.i.d.TransportDeleteIndexAction] [hHj-txf] failed to delete indices [[[product_suggest_nbv/lknr7vnSRKOMniYwddzebw]]]
org.elasticsearch.index.IndexNotFoundException: no such index
	at org.elasticsearch.cluster.metadata.MetaData.getIndexSafe(MetaData.java:473) ~[elasticsearch-5.6.0.jar:5.6.0]
	at org.elasticsearch.cluster.metadata.MetaDataDeleteIndexService.lambda$deleteIndices$0(MetaDataDeleteIndexService.java:89) ~[elasticsearch-5.6.0.jar:5.6.0]
	at java.util.stream.ReferencePipeline$3$1.accept(Unknown Source) ~[?:1.8.0_261]
	at java.util.HashMap$KeySpliterator.forEachRemaining(Unknown Source) ~[?:1.8.0_261]
	at java.util.stream.AbstractPipeline.copyInto(Unknown Source) ~[?:1.8.0_261]
	at java.util.stream.AbstractPipeline.wrapAndCopyInto(Unknown Source) ~[?:1.8.0_261]
	at java.util.stream.ReduceOps$ReduceOp.evaluateSequential(Unknown Source) ~[?:1.8.0_261]
	at java.util.stream.AbstractPipeline.evaluate(Unknown Source) ~[?:1.8.0_261]
	at java.util.stream.ReferencePipeline.collect(Unknown Source) ~[?:1.8.0_261]
	at org.elasticsearch.cluster.metadata.MetaDataDeleteIndexService.deleteIndices(MetaDataDeleteIndexService.java:89) ~[elasticsearch-5.6.0.jar:5.6.0]
	at org.elasticsearch.cluster.metadata.MetaDataDeleteIndexService$1.execute(MetaDataDeleteIndexService.java:79) ~[elasticsearch-5.6.0.jar:5.6.0]
	at org.elasticsearch.cluster.ClusterStateUpdateTask.execute(ClusterStateUpdateTask.java:45) ~[elasticsearch-5.6.0.jar:5.6.0]
	at org.elasticsearch.cluster.service.ClusterService.executeTasks(ClusterService.java:634) ~[elasticsearch-5.6.0.jar:5.6.0]
	at org.elasticsearch.cluster.service.ClusterService.calculateTaskOutputs(ClusterService.java:612) ~[elasticsearch-5.6.0.jar:5.6.0]
	at org.elasticsearch.cluster.service.ClusterService.runTasks(ClusterService.java:571) [elasticsearch-5.6.0.jar:5.6.0]
	at org.elasticsearch.cluster.service.ClusterService$ClusterServiceTaskBatcher.run(ClusterService.java:263) [elasticsearch-5.6.0.jar:5.6.0]
	at org.elasticsearch.cluster.service.TaskBatcher.runIfNotProcessed(TaskBatcher.java:150) [elasticsearch-5.6.0.jar:5.6.0]
	at org.elasticsearch.cluster.service.TaskBatcher$BatchedTask.run(TaskBatcher.java:188) [elasticsearch-5.6.0.jar:5.6.0]
	at org.elasticsearch.common.util.concurrent.ThreadContext$ContextPreservingRunnable.run(ThreadContext.java:569) [elasticsearch-5.6.0.jar:5.6.0]
	at org.elasticsearch.common.util.concurrent.PrioritizedEsThreadPoolExecutor$TieBreakingPrioritizedRunnable.runAndClean(PrioritizedEsThreadPoolExecutor.java:247) [elasticsearch-5.6.0.jar:5.6.0]
	at org.elasticsearch.common.util.concurrent.PrioritizedEsThreadPoolExecutor$TieBreakingPrioritizedRunnable.run(PrioritizedEsThreadPoolExecutor.java:210) [elasticsearch-5.6.0.jar:5.6.0]
	at java.util.concurrent.ThreadPoolExecutor.runWorker(Unknown Source) [?:1.8.0_261]
	at java.util.concurrent.ThreadPoolExecutor$Worker.run(Unknown Source) [?:1.8.0_261]
	at java.lang.Thread.run(Unknown Source) [?:1.8.0_261]
[2020-10-16T11:08:08,241][DEBUG][o.e.a.a.i.d.TransportDeleteIndexAction] [hHj-txf] failed to delete indices [[[product_suggest_nbv/lknr7vnSRKOMniYwddzebw]]]
org.elasticsearch.index.IndexNotFoundException: no such index
	at org.elasticsearch.cluster.metadata.MetaData.getIndexSafe(MetaData.java:473) ~[elasticsearch-5.6.0.jar:5.6.0]
	at org.elasticsearch.cluster.metadata.MetaDataDeleteIndexService.lambda$deleteIndices$0(MetaDataDeleteIndexService.java:89) ~[elasticsearch-5.6.0.jar:5.6.0]
	at java.util.stream.ReferencePipeline$3$1.accept(Unknown Source) ~[?:1.8.0_261]
	at java.util.HashMap$KeySpliterator.forEachRemaining(Unknown Source) ~[?:1.8.0_261]
	at java.util.stream.AbstractPipeline.copyInto(Unknown Source) ~[?:1.8.0_261]
	at java.util.stream.AbstractPipeline.wrapAndCopyInto(Unknown Source) ~[?:1.8.0_261]
	at java.util.stream.ReduceOps$ReduceOp.evaluateSequential(Unknown Source) ~[?:1.8.0_261]
	at java.util.stream.AbstractPipeline.evaluate(Unknown Source) ~[?:1.8.0_261]
	at java.util.stream.ReferencePipeline.collect(Unknown Source) ~[?:1.8.0_261]
	at org.elasticsearch.cluster.metadata.MetaDataDeleteIndexService.deleteIndices(MetaDataDeleteIndexService.java:89) ~[elasticsearch-5.6.0.jar:5.6.0]
	at org.elasticsearch.cluster.metadata.MetaDataDeleteIndexService$1.execute(MetaDataDeleteIndexService.java:79) ~[elasticsearch-5.6.0.jar:5.6.0]
	at org.elasticsearch.cluster.ClusterStateUpdateTask.execute(ClusterStateUpdateTask.java:45) ~[elasticsearch-5.6.0.jar:5.6.0]
	at org.elasticsearch.cluster.service.ClusterService.executeTasks(ClusterService.java:634) ~[elasticsearch-5.6.0.jar:5.6.0]
	at org.elasticsearch.cluster.service.ClusterService.calculateTaskOutputs(ClusterService.java:612) ~[elasticsearch-5.6.0.jar:5.6.0]
	at org.elasticsearch.cluster.service.ClusterService.runTasks(ClusterService.java:571) [elasticsearch-5.6.0.jar:5.6.0]
	at org.elasticsearch.cluster.service.ClusterService$ClusterServiceTaskBatcher.run(ClusterService.java:263) [elasticsearch-5.6.0.jar:5.6.0]
	at org.elasticsearch.cluster.service.TaskBatcher.runIfNotProcessed(TaskBatcher.java:150) [elasticsearch-5.6.0.jar:5.6.0]
	at org.elasticsearch.cluster.service.TaskBatcher$BatchedTask.run(TaskBatcher.java:188) [elasticsearch-5.6.0.jar:5.6.0]
	at org.elasticsearch.common.util.concurrent.ThreadContext$ContextPreservingRunnable.run(ThreadContext.java:569) [elasticsearch-5.6.0.jar:5.6.0]
	at org.elasticsearch.common.util.concurrent.PrioritizedEsThreadPoolExecutor$TieBreakingPrioritizedRunnable.runAndClean(PrioritizedEsThreadPoolExecutor.java:247) [elasticsearch-5.6.0.jar:5.6.0]
	at org.elasticsearch.common.util.concurrent.PrioritizedEsThreadPoolExecutor$TieBreakingPrioritizedRunnable.run(PrioritizedEsThreadPoolExecutor.java:210) [elasticsearch-5.6.0.jar:5.6.0]
	at java.util.concurrent.ThreadPoolExecutor.runWorker(Unknown Source) [?:1.8.0_261]
	at java.util.concurrent.ThreadPoolExecutor$Worker.run(Unknown Source) [?:1.8.0_261]
	at java.lang.Thread.run(Unknown Source) [?:1.8.0_261]
[2020-10-16T11:08:08,263][DEBUG][o.e.a.a.i.d.TransportDeleteIndexAction] [hHj-txf] failed to delete indices [[[product_suggest_nbv/lknr7vnSRKOMniYwddzebw]]]
org.elasticsearch.index.IndexNotFoundException: no such index
	at org.elasticsearch.cluster.metadata.MetaData.getIndexSafe(MetaData.java:473) ~[elasticsearch-5.6.0.jar:5.6.0]
	at org.elasticsearch.cluster.metadata.MetaDataDeleteIndexService.lambda$deleteIndices$0(MetaDataDeleteIndexService.java:89) ~[elasticsearch-5.6.0.jar:5.6.0]
	at java.util.stream.ReferencePipeline$3$1.accept(Unknown Source) ~[?:1.8.0_261]
	at java.util.HashMap$KeySpliterator.forEachRemaining(Unknown Source) ~[?:1.8.0_261]
	at java.util.stream.AbstractPipeline.copyInto(Unknown Source) ~[?:1.8.0_261]
	at java.util.stream.AbstractPipeline.wrapAndCopyInto(Unknown Source) ~[?:1.8.0_261]
	at java.util.stream.ReduceOps$ReduceOp.evaluateSequential(Unknown Source) ~[?:1.8.0_261]
	at java.util.stream.AbstractPipeline.evaluate(Unknown Source) ~[?:1.8.0_261]
	at java.util.stream.ReferencePipeline.collect(Unknown Source) ~[?:1.8.0_261]
	at org.elasticsearch.cluster.metadata.MetaDataDeleteIndexService.deleteIndices(MetaDataDeleteIndexService.java:89) ~[elasticsearch-5.6.0.jar:5.6.0]
	at org.elasticsearch.cluster.metadata.MetaDataDeleteIndexService$1.execute(MetaDataDeleteIndexService.java:79) ~[elasticsearch-5.6.0.jar:5.6.0]
	at org.elasticsearch.cluster.ClusterStateUpdateTask.execute(ClusterStateUpdateTask.java:45) ~[elasticsearch-5.6.0.jar:5.6.0]
	at org.elasticsearch.cluster.service.ClusterService.executeTasks(ClusterService.java:634) ~[elasticsearch-5.6.0.jar:5.6.0]
	at org.elasticsearch.cluster.service.ClusterService.calculateTaskOutputs(ClusterService.java:612) ~[elasticsearch-5.6.0.jar:5.6.0]
	at org.elasticsearch.cluster.service.ClusterService.runTasks(ClusterService.java:571) [elasticsearch-5.6.0.jar:5.6.0]
	at org.elasticsearch.cluster.service.ClusterService$ClusterServiceTaskBatcher.run(ClusterService.java:263) [elasticsearch-5.6.0.jar:5.6.0]
	at org.elasticsearch.cluster.service.TaskBatcher.runIfNotProcessed(TaskBatcher.java:150) [elasticsearch-5.6.0.jar:5.6.0]
	at org.elasticsearch.cluster.service.TaskBatcher$BatchedTask.run(TaskBatcher.java:188) [elasticsearch-5.6.0.jar:5.6.0]
	at org.elasticsearch.common.util.concurrent.ThreadContext$ContextPreservingRunnable.run(ThreadContext.java:569) [elasticsearch-5.6.0.jar:5.6.0]
	at org.elasticsearch.common.util.concurrent.PrioritizedEsThreadPoolExecutor$TieBreakingPrioritizedRunnable.runAndClean(PrioritizedEsThreadPoolExecutor.java:247) [elasticsearch-5.6.0.jar:5.6.0]
	at org.elasticsearch.common.util.concurrent.PrioritizedEsThreadPoolExecutor$TieBreakingPrioritizedRunnable.run(PrioritizedEsThreadPoolExecutor.java:210) [elasticsearch-5.6.0.jar:5.6.0]
	at java.util.concurrent.ThreadPoolExecutor.runWorker(Unknown Source) [?:1.8.0_261]
	at java.util.concurrent.ThreadPoolExecutor$Worker.run(Unknown Source) [?:1.8.0_261]
	at java.lang.Thread.run(Unknown Source) [?:1.8.0_261]
[2020-10-16T11:08:08,686][INFO ][o.e.c.m.MetaDataCreateIndexService] [hHj-txf] [product_suggest_nbv] creating index, cause [api], templates [], shards [5]/[1], mappings [productes]
[2020-10-16T12:08:57,811][WARN ][o.e.m.j.JvmGcMonitorService] [hHj-txf] [gc][young][9437][4] duration [2.7s], collections [1]/[3.1s], total [2.7s]/[2.9s], memory [366.4mb]->[158.4mb]/[1.9gb], all_pools {[young] [266.2mb]->[723.9kb]/[266.2mb]}{[survivor] [33.2mb]->[20.5mb]/[33.2mb]}{[old] [66.9mb]->[137.1mb]/[1.6gb]}
[2020-10-16T12:08:57,951][WARN ][o.e.m.j.JvmGcMonitorService] [hHj-txf] [gc][9437] overhead, spent [2.7s] collecting in the last [3.1s]
[2020-10-16T14:38:48,799][INFO ][o.e.c.m.MetaDataDeleteIndexService] [hHj-txf] [product_suggest_nbv/5Kh6uh_YS6KIepJQUvNxmQ] deleting index
[2020-10-16T14:38:49,670][INFO ][o.e.c.m.MetaDataCreateIndexService] [hHj-txf] [product_suggest_nbv] creating index, cause [api], templates [], shards [5]/[1], mappings [productes]
[2020-10-16T14:38:50,746][INFO ][o.e.c.m.MetaDataDeleteIndexService] [hHj-txf] [product_suggest_nbv/ygg6EAu4TL6INahq1hmIlg] deleting index
[2020-10-16T14:38:52,461][INFO ][o.e.c.m.MetaDataCreateIndexService] [hHj-txf] [product_suggest_nbv] creating index, cause [api], templates [], shards [5]/[1], mappings [productes]
