[2020-09-16T14:21:57,738][INFO ][o.e.n.Node               ] [] initializing ...
[2020-09-16T14:21:58,162][INFO ][o.e.e.NodeEnvironment    ] [hHj-txf] using [1] data paths, mounts [[Elements (E:)]], net usable_space [258.5gb], net total_space [465.7gb], spins? [unknown], types [NTFS]
[2020-09-16T14:21:58,163][INFO ][o.e.e.NodeEnvironment    ] [hHj-txf] heap size [1.9gb], compressed ordinary object pointers [true]
[2020-09-16T14:21:58,499][INFO ][o.e.n.Node               ] node name [hHj-txf] derived from node ID [hHj-txf9QGabFfsXAWjKpw]; set [node.name] to override
[2020-09-16T14:21:58,500][INFO ][o.e.n.Node               ] version[5.6.0], pid[7568], build[781a835/2017-09-07T03:09:58.087Z], OS[Windows 10/10.0/amd64], JVM[Oracle Corporation/Java HotSpot(TM) 64-Bit Server VM/1.8.0_261/25.261-b12]
[2020-09-16T14:21:58,501][INFO ][o.e.n.Node               ] JVM arguments [-Xms2g, -Xmx2g, -XX:+UseConcMarkSweepGC, -XX:CMSInitiatingOccupancyFraction=75, -XX:+UseCMSInitiatingOccupancyOnly, -XX:+AlwaysPreTouch, -Xss1m, -Djava.awt.headless=true, -Dfile.encoding=UTF-8, -Djna.nosys=true, -Djdk.io.permissionsUseCanonicalPath=true, -Dio.netty.noUnsafe=true, -Dio.netty.noKeySetOptimization=true, -Dio.netty.recycler.maxCapacityPerThread=0, -Dlog4j.shutdownHookEnabled=false, -Dlog4j2.disable.jmx=true, -Dlog4j.skipJansi=true, -XX:+HeapDumpOnOutOfMemoryError, -Delasticsearch, -Des.path.home=E:\DuAn\vnetcore\elasticsearch-5.6.0]
[2020-09-16T14:22:04,314][INFO ][o.e.p.PluginsService     ] [hHj-txf] loaded module [aggs-matrix-stats]
[2020-09-16T14:22:04,315][INFO ][o.e.p.PluginsService     ] [hHj-txf] loaded module [ingest-common]
[2020-09-16T14:22:04,315][INFO ][o.e.p.PluginsService     ] [hHj-txf] loaded module [lang-expression]
[2020-09-16T14:22:04,315][INFO ][o.e.p.PluginsService     ] [hHj-txf] loaded module [lang-groovy]
[2020-09-16T14:22:04,315][INFO ][o.e.p.PluginsService     ] [hHj-txf] loaded module [lang-mustache]
[2020-09-16T14:22:04,316][INFO ][o.e.p.PluginsService     ] [hHj-txf] loaded module [lang-painless]
[2020-09-16T14:22:04,316][INFO ][o.e.p.PluginsService     ] [hHj-txf] loaded module [parent-join]
[2020-09-16T14:22:04,316][INFO ][o.e.p.PluginsService     ] [hHj-txf] loaded module [percolator]
[2020-09-16T14:22:04,317][INFO ][o.e.p.PluginsService     ] [hHj-txf] loaded module [reindex]
[2020-09-16T14:22:04,317][INFO ][o.e.p.PluginsService     ] [hHj-txf] loaded module [transport-netty3]
[2020-09-16T14:22:04,317][INFO ][o.e.p.PluginsService     ] [hHj-txf] loaded module [transport-netty4]
[2020-09-16T14:22:04,318][INFO ][o.e.p.PluginsService     ] [hHj-txf] no plugins loaded
[2020-09-16T14:22:12,325][INFO ][o.e.d.DiscoveryModule    ] [hHj-txf] using discovery type [zen]
[2020-09-16T14:22:14,061][INFO ][o.e.n.Node               ] initialized
[2020-09-16T14:22:14,062][INFO ][o.e.n.Node               ] [hHj-txf] starting ...
[2020-09-16T14:22:15,946][INFO ][o.e.t.TransportService   ] [hHj-txf] publish_address {127.0.0.1:9300}, bound_addresses {127.0.0.1:9300}, {[::1]:9300}
[2020-09-16T14:22:19,222][INFO ][o.e.c.s.ClusterService   ] [hHj-txf] new_master {hHj-txf}{hHj-txf9QGabFfsXAWjKpw}{GCbAvNnPQYWObi3VCdSO0g}{127.0.0.1}{127.0.0.1:9300}, reason: zen-disco-elected-as-master ([0] nodes joined)
[2020-09-16T14:22:19,938][INFO ][o.e.g.GatewayService     ] [hHj-txf] recovered [1] indices into cluster_state
[2020-09-16T14:22:20,875][INFO ][o.e.h.n.Netty4HttpServerTransport] [hHj-txf] publish_address {127.0.0.1:9200}, bound_addresses {127.0.0.1:9200}, {[::1]:9200}
[2020-09-16T14:22:20,875][INFO ][o.e.n.Node               ] [hHj-txf] started
[2020-09-16T14:22:21,414][INFO ][o.e.c.r.a.AllocationService] [hHj-txf] Cluster health status changed from [RED] to [YELLOW] (reason: [shards started [[product_suggest][3]] ...]).
[2020-09-16T14:25:54,542][INFO ][o.e.c.m.MetaDataDeleteIndexService] [hHj-txf] [product_suggest/oCitGsfzRjuwrCiuStYjxA] deleting index
[2020-09-16T14:25:55,149][INFO ][o.e.c.m.MetaDataCreateIndexService] [hHj-txf] [product_suggest] creating index, cause [api], templates [], shards [5]/[1], mappings [productes]
[2020-09-16T14:25:57,128][INFO ][o.e.c.m.MetaDataDeleteIndexService] [hHj-txf] [product_suggest/TidIu_jDTKCT92VvsZGwTQ] deleting index
[2020-09-16T14:26:01,191][INFO ][o.e.c.m.MetaDataCreateIndexService] [hHj-txf] [product_suggest] creating index, cause [api], templates [], shards [5]/[1], mappings [productes]
[2020-09-16T14:26:01,349][WARN ][o.e.a.b.TransportShardBulkAction] [hHj-txf] unexpected error during the primary phase for action [indices:data/write/bulk[s]], request [BulkShardRequest [[product_suggest][3]] containing [498] requests]
org.elasticsearch.index.IndexNotFoundException: no such index
	at org.elasticsearch.cluster.routing.RoutingTable.shardRoutingTable(RoutingTable.java:137) ~[elasticsearch-5.6.0.jar:5.6.0]
	at org.elasticsearch.action.support.replication.TransportReplicationAction$ReroutePhase.primary(TransportReplicationAction.java:745) ~[elasticsearch-5.6.0.jar:5.6.0]
	at org.elasticsearch.action.support.replication.TransportReplicationAction$ReroutePhase.doRun(TransportReplicationAction.java:680) ~[elasticsearch-5.6.0.jar:5.6.0]
	at org.elasticsearch.common.util.concurrent.AbstractRunnable.run(AbstractRunnable.java:37) ~[elasticsearch-5.6.0.jar:5.6.0]
	at org.elasticsearch.action.support.replication.TransportReplicationAction$ReroutePhase$2.onNewClusterState(TransportReplicationAction.java:835) ~[elasticsearch-5.6.0.jar:5.6.0]
	at org.elasticsearch.cluster.ClusterStateObserver$ContextPreservingListener.onNewClusterState(ClusterStateObserver.java:297) ~[elasticsearch-5.6.0.jar:5.6.0]
	at org.elasticsearch.cluster.ClusterStateObserver$ObserverClusterStateListener.clusterChanged(ClusterStateObserver.java:185) ~[elasticsearch-5.6.0.jar:5.6.0]
	at org.elasticsearch.cluster.service.ClusterService.lambda$publishAndApplyChanges$7(ClusterService.java:777) ~[elasticsearch-5.6.0.jar:5.6.0]
	at java.util.concurrent.ConcurrentHashMap$KeySpliterator.forEachRemaining(Unknown Source) [?:1.8.0_261]
	at java.util.stream.Streams$ConcatSpliterator.forEachRemaining(Unknown Source) [?:1.8.0_261]
	at java.util.stream.ReferencePipeline$Head.forEach(Unknown Source) [?:1.8.0_261]
	at org.elasticsearch.cluster.service.ClusterService.publishAndApplyChanges(ClusterService.java:774) [elasticsearch-5.6.0.jar:5.6.0]
	at org.elasticsearch.cluster.service.ClusterService.runTasks(ClusterService.java:587) [elasticsearch-5.6.0.jar:5.6.0]
	at org.elasticsearch.cluster.service.ClusterService$ClusterServiceTaskBatcher.run(ClusterService.java:263) [elasticsearch-5.6.0.jar:5.6.0]
	at org.elasticsearch.cluster.service.TaskBatcher.runIfNotProcessed(TaskBatcher.java:150) [elasticsearch-5.6.0.jar:5.6.0]
	at org.elasticsearch.cluster.service.TaskBatcher$BatchedTask.run(TaskBatcher.java:188) [elasticsearch-5.6.0.jar:5.6.0]
	at org.elasticsearch.common.util.concurrent.ThreadContext$ContextPreservingRunnable.run(ThreadContext.java:569) [elasticsearch-5.6.0.jar:5.6.0]
	at org.elasticsearch.common.util.concurrent.PrioritizedEsThreadPoolExecutor$TieBreakingPrioritizedRunnable.runAndClean(PrioritizedEsThreadPoolExecutor.java:247) [elasticsearch-5.6.0.jar:5.6.0]
	at org.elasticsearch.common.util.concurrent.PrioritizedEsThreadPoolExecutor$TieBreakingPrioritizedRunnable.run(PrioritizedEsThreadPoolExecutor.java:210) [elasticsearch-5.6.0.jar:5.6.0]
	at java.util.concurrent.ThreadPoolExecutor.runWorker(Unknown Source) [?:1.8.0_261]
	at java.util.concurrent.ThreadPoolExecutor$Worker.run(Unknown Source) [?:1.8.0_261]
	at java.lang.Thread.run(Unknown Source) [?:1.8.0_261]
[2020-09-16T14:26:01,378][WARN ][o.e.a.b.TransportShardBulkAction] [hHj-txf] unexpected error during the primary phase for action [indices:data/write/bulk[s]], request [BulkShardRequest [[product_suggest][0]] containing [539] requests]
org.elasticsearch.index.IndexNotFoundException: no such index
	at org.elasticsearch.cluster.routing.RoutingTable.shardRoutingTable(RoutingTable.java:137) ~[elasticsearch-5.6.0.jar:5.6.0]
	at org.elasticsearch.action.support.replication.TransportReplicationAction$ReroutePhase.primary(TransportReplicationAction.java:745) ~[elasticsearch-5.6.0.jar:5.6.0]
	at org.elasticsearch.action.support.replication.TransportReplicationAction$ReroutePhase.doRun(TransportReplicationAction.java:680) ~[elasticsearch-5.6.0.jar:5.6.0]
	at org.elasticsearch.common.util.concurrent.AbstractRunnable.run(AbstractRunnable.java:37) ~[elasticsearch-5.6.0.jar:5.6.0]
	at org.elasticsearch.action.support.replication.TransportReplicationAction$ReroutePhase$2.onNewClusterState(TransportReplicationAction.java:835) ~[elasticsearch-5.6.0.jar:5.6.0]
	at org.elasticsearch.cluster.ClusterStateObserver$ContextPreservingListener.onNewClusterState(ClusterStateObserver.java:297) ~[elasticsearch-5.6.0.jar:5.6.0]
	at org.elasticsearch.cluster.ClusterStateObserver$ObserverClusterStateListener.clusterChanged(ClusterStateObserver.java:185) ~[elasticsearch-5.6.0.jar:5.6.0]
	at org.elasticsearch.cluster.service.ClusterService.lambda$publishAndApplyChanges$7(ClusterService.java:777) ~[elasticsearch-5.6.0.jar:5.6.0]
	at java.util.concurrent.ConcurrentHashMap$KeySpliterator.forEachRemaining(Unknown Source) [?:1.8.0_261]
	at java.util.stream.Streams$ConcatSpliterator.forEachRemaining(Unknown Source) [?:1.8.0_261]
	at java.util.stream.ReferencePipeline$Head.forEach(Unknown Source) [?:1.8.0_261]
	at org.elasticsearch.cluster.service.ClusterService.publishAndApplyChanges(ClusterService.java:774) [elasticsearch-5.6.0.jar:5.6.0]
	at org.elasticsearch.cluster.service.ClusterService.runTasks(ClusterService.java:587) [elasticsearch-5.6.0.jar:5.6.0]
	at org.elasticsearch.cluster.service.ClusterService$ClusterServiceTaskBatcher.run(ClusterService.java:263) [elasticsearch-5.6.0.jar:5.6.0]
	at org.elasticsearch.cluster.service.TaskBatcher.runIfNotProcessed(TaskBatcher.java:150) [elasticsearch-5.6.0.jar:5.6.0]
	at org.elasticsearch.cluster.service.TaskBatcher$BatchedTask.run(TaskBatcher.java:188) [elasticsearch-5.6.0.jar:5.6.0]
	at org.elasticsearch.common.util.concurrent.ThreadContext$ContextPreservingRunnable.run(ThreadContext.java:569) [elasticsearch-5.6.0.jar:5.6.0]
	at org.elasticsearch.common.util.concurrent.PrioritizedEsThreadPoolExecutor$TieBreakingPrioritizedRunnable.runAndClean(PrioritizedEsThreadPoolExecutor.java:247) [elasticsearch-5.6.0.jar:5.6.0]
	at org.elasticsearch.common.util.concurrent.PrioritizedEsThreadPoolExecutor$TieBreakingPrioritizedRunnable.run(PrioritizedEsThreadPoolExecutor.java:210) [elasticsearch-5.6.0.jar:5.6.0]
	at java.util.concurrent.ThreadPoolExecutor.runWorker(Unknown Source) [?:1.8.0_261]
	at java.util.concurrent.ThreadPoolExecutor$Worker.run(Unknown Source) [?:1.8.0_261]
	at java.lang.Thread.run(Unknown Source) [?:1.8.0_261]
