[2020-08-05T10:05:33,944][INFO ][o.e.n.Node               ] [] initializing ...
[2020-08-05T10:05:34,369][INFO ][o.e.e.NodeEnvironment    ] [hHj-txf] using [1] data paths, mounts [[Elements (E:)]], net usable_space [309.5gb], net total_space [465.7gb], spins? [unknown], types [NTFS]
[2020-08-05T10:05:34,370][INFO ][o.e.e.NodeEnvironment    ] [hHj-txf] heap size [1.9gb], compressed ordinary object pointers [true]
[2020-08-05T10:05:34,727][INFO ][o.e.n.Node               ] node name [hHj-txf] derived from node ID [hHj-txf9QGabFfsXAWjKpw]; set [node.name] to override
[2020-08-05T10:05:34,728][INFO ][o.e.n.Node               ] version[5.6.0], pid[17208], build[781a835/2017-09-07T03:09:58.087Z], OS[Windows 10/10.0/amd64], JVM[Oracle Corporation/Java HotSpot(TM) 64-Bit Server VM/1.8.0_261/25.261-b12]
[2020-08-05T10:05:34,729][INFO ][o.e.n.Node               ] JVM arguments [-Xms2g, -Xmx2g, -XX:+UseConcMarkSweepGC, -XX:CMSInitiatingOccupancyFraction=75, -XX:+UseCMSInitiatingOccupancyOnly, -XX:+AlwaysPreTouch, -Xss1m, -Djava.awt.headless=true, -Dfile.encoding=UTF-8, -Djna.nosys=true, -Djdk.io.permissionsUseCanonicalPath=true, -Dio.netty.noUnsafe=true, -Dio.netty.noKeySetOptimization=true, -Dio.netty.recycler.maxCapacityPerThread=0, -Dlog4j.shutdownHookEnabled=false, -Dlog4j2.disable.jmx=true, -Dlog4j.skipJansi=true, -XX:+HeapDumpOnOutOfMemoryError, -Delasticsearch, -Des.path.home=E:\DuAn\vnetcore\elasticsearch-5.6.0]
[2020-08-05T10:05:40,732][INFO ][o.e.p.PluginsService     ] [hHj-txf] loaded module [aggs-matrix-stats]
[2020-08-05T10:05:40,732][INFO ][o.e.p.PluginsService     ] [hHj-txf] loaded module [ingest-common]
[2020-08-05T10:05:40,733][INFO ][o.e.p.PluginsService     ] [hHj-txf] loaded module [lang-expression]
[2020-08-05T10:05:40,733][INFO ][o.e.p.PluginsService     ] [hHj-txf] loaded module [lang-groovy]
[2020-08-05T10:05:40,733][INFO ][o.e.p.PluginsService     ] [hHj-txf] loaded module [lang-mustache]
[2020-08-05T10:05:40,734][INFO ][o.e.p.PluginsService     ] [hHj-txf] loaded module [lang-painless]
[2020-08-05T10:05:40,734][INFO ][o.e.p.PluginsService     ] [hHj-txf] loaded module [parent-join]
[2020-08-05T10:05:40,734][INFO ][o.e.p.PluginsService     ] [hHj-txf] loaded module [percolator]
[2020-08-05T10:05:40,734][INFO ][o.e.p.PluginsService     ] [hHj-txf] loaded module [reindex]
[2020-08-05T10:05:40,735][INFO ][o.e.p.PluginsService     ] [hHj-txf] loaded module [transport-netty3]
[2020-08-05T10:05:40,735][INFO ][o.e.p.PluginsService     ] [hHj-txf] loaded module [transport-netty4]
[2020-08-05T10:05:40,736][INFO ][o.e.p.PluginsService     ] [hHj-txf] no plugins loaded
[2020-08-05T10:05:47,942][INFO ][o.e.d.DiscoveryModule    ] [hHj-txf] using discovery type [zen]
[2020-08-05T10:05:49,597][INFO ][o.e.n.Node               ] initialized
[2020-08-05T10:05:49,598][INFO ][o.e.n.Node               ] [hHj-txf] starting ...
[2020-08-05T10:05:51,241][INFO ][o.e.t.TransportService   ] [hHj-txf] publish_address {127.0.0.1:9300}, bound_addresses {127.0.0.1:9300}, {[::1]:9300}
[2020-08-05T10:05:54,532][INFO ][o.e.c.s.ClusterService   ] [hHj-txf] new_master {hHj-txf}{hHj-txf9QGabFfsXAWjKpw}{4WAhP6GZSxGWQnqHIcecUw}{127.0.0.1}{127.0.0.1:9300}, reason: zen-disco-elected-as-master ([0] nodes joined)
[2020-08-05T10:05:55,262][INFO ][o.e.g.GatewayService     ] [hHj-txf] recovered [1] indices into cluster_state
[2020-08-05T10:05:55,811][INFO ][o.e.h.n.Netty4HttpServerTransport] [hHj-txf] publish_address {127.0.0.1:9200}, bound_addresses {127.0.0.1:9200}, {[::1]:9200}
[2020-08-05T10:05:55,812][INFO ][o.e.n.Node               ] [hHj-txf] started
[2020-08-05T10:05:56,703][INFO ][o.e.c.r.a.AllocationService] [hHj-txf] Cluster health status changed from [RED] to [YELLOW] (reason: [shards started [[product_suggest][4]] ...]).
[2020-08-05T14:20:11,838][INFO ][o.e.c.m.MetaDataDeleteIndexService] [hHj-txf] [product_suggest/_Y0NViHeTkqh5027AcMBfQ] deleting index
[2020-08-05T14:20:12,890][INFO ][o.e.c.m.MetaDataCreateIndexService] [hHj-txf] [product_suggest] creating index, cause [api], templates [], shards [5]/[1], mappings [productes]
[2020-08-05T14:20:17,620][INFO ][o.e.c.m.MetaDataDeleteIndexService] [hHj-txf] [product_suggest/G0rvUouYRGWkVLwfJvXfpQ] deleting index
[2020-08-05T14:20:20,582][INFO ][o.e.c.m.MetaDataCreateIndexService] [hHj-txf] [product_suggest] creating index, cause [api], templates [], shards [5]/[1], mappings [productes]
[2020-08-05T14:20:20,886][WARN ][o.e.a.b.TransportShardBulkAction] [hHj-txf] unexpected error during the primary phase for action [indices:data/write/bulk[s]], request [BulkShardRequest [[product_suggest][0]] containing [543] requests]
org.elasticsearch.index.IndexNotFoundException: no such index
	at org.elasticsearch.cluster.routing.RoutingTable.shardRoutingTable(RoutingTable.java:137) ~[elasticsearch-5.6.0.jar:5.6.0]
	at org.elasticsearch.action.support.replication.TransportReplicationAction$ReroutePhase.primary(TransportReplicationAction.java:745) ~[elasticsearch-5.6.0.jar:5.6.0]
	at org.elasticsearch.action.support.replication.TransportReplicationAction$ReroutePhase.doRun(TransportReplicationAction.java:680) ~[elasticsearch-5.6.0.jar:5.6.0]
	at org.elasticsearch.common.util.concurrent.AbstractRunnable.run(AbstractRunnable.java:37) ~[elasticsearch-5.6.0.jar:5.6.0]
	at org.elasticsearch.action.support.replication.TransportReplicationAction$ReroutePhase$2.onNewClusterState(TransportReplicationAction.java:835) ~[elasticsearch-5.6.0.jar:5.6.0]
	at org.elasticsearch.cluster.ClusterStateObserver$ContextPreservingListener.onNewClusterState(ClusterStateObserver.java:297) ~[elasticsearch-5.6.0.jar:5.6.0]
	at org.elasticsearch.cluster.ClusterStateObserver$ObserverClusterStateListener.clusterChanged(ClusterStateObserver.java:185) ~[elasticsearch-5.6.0.jar:5.6.0]
	at org.elasticsearch.cluster.service.ClusterService.lambda$publishAndApplyChanges$7(ClusterService.java:777) ~[elasticsearch-5.6.0.jar:5.6.0]
	at java.util.concurrent.ConcurrentHashMap$KeySpliterator.forEachRemaining(Unknown Source) [?:1.8.0_261]
	at java.util.stream.Streams$ConcatSpliterator.forEachRemaining(Unknown Source) [?:1.8.0_261]
	at java.util.stream.ReferencePipeline$Head.forEach(Unknown Source) [?:1.8.0_261]
	at org.elasticsearch.cluster.service.ClusterService.publishAndApplyChanges(ClusterService.java:774) [elasticsearch-5.6.0.jar:5.6.0]
	at org.elasticsearch.cluster.service.ClusterService.runTasks(ClusterService.java:587) [elasticsearch-5.6.0.jar:5.6.0]
	at org.elasticsearch.cluster.service.ClusterService$ClusterServiceTaskBatcher.run(ClusterService.java:263) [elasticsearch-5.6.0.jar:5.6.0]
	at org.elasticsearch.cluster.service.TaskBatcher.runIfNotProcessed(TaskBatcher.java:150) [elasticsearch-5.6.0.jar:5.6.0]
	at org.elasticsearch.cluster.service.TaskBatcher$BatchedTask.run(TaskBatcher.java:188) [elasticsearch-5.6.0.jar:5.6.0]
	at org.elasticsearch.common.util.concurrent.ThreadContext$ContextPreservingRunnable.run(ThreadContext.java:569) [elasticsearch-5.6.0.jar:5.6.0]
	at org.elasticsearch.common.util.concurrent.PrioritizedEsThreadPoolExecutor$TieBreakingPrioritizedRunnable.runAndClean(PrioritizedEsThreadPoolExecutor.java:247) [elasticsearch-5.6.0.jar:5.6.0]
	at org.elasticsearch.common.util.concurrent.PrioritizedEsThreadPoolExecutor$TieBreakingPrioritizedRunnable.run(PrioritizedEsThreadPoolExecutor.java:210) [elasticsearch-5.6.0.jar:5.6.0]
	at java.util.concurrent.ThreadPoolExecutor.runWorker(Unknown Source) [?:1.8.0_261]
	at java.util.concurrent.ThreadPoolExecutor$Worker.run(Unknown Source) [?:1.8.0_261]
	at java.lang.Thread.run(Unknown Source) [?:1.8.0_261]
[2020-08-05T14:20:21,157][INFO ][o.e.c.m.MetaDataDeleteIndexService] [hHj-txf] [product_suggest/zimqgpcpS_GYdtTWz32xEQ] deleting index
[2020-08-05T14:20:21,318][INFO ][o.e.c.m.MetaDataCreateIndexService] [hHj-txf] [product_suggest] creating index, cause [api], templates [], shards [5]/[1], mappings [productes]
[2020-08-05T14:20:24,946][INFO ][o.e.c.m.MetaDataDeleteIndexService] [hHj-txf] [product_suggest/MBePk7OPRQKMLKYv-uDHiA] deleting index
[2020-08-05T14:20:28,559][INFO ][o.e.c.m.MetaDataCreateIndexService] [hHj-txf] [product_suggest] creating index, cause [api], templates [], shards [5]/[1], mappings [productes]
[2020-08-05T14:20:28,724][WARN ][o.e.a.b.TransportShardBulkAction] [hHj-txf] unexpected error during the primary phase for action [indices:data/write/bulk[s]], request [BulkShardRequest [[product_suggest][0]] containing [543] requests]
org.elasticsearch.index.IndexNotFoundException: no such index
	at org.elasticsearch.cluster.routing.RoutingTable.shardRoutingTable(RoutingTable.java:137) ~[elasticsearch-5.6.0.jar:5.6.0]
	at org.elasticsearch.action.support.replication.TransportReplicationAction$ReroutePhase.primary(TransportReplicationAction.java:745) ~[elasticsearch-5.6.0.jar:5.6.0]
	at org.elasticsearch.action.support.replication.TransportReplicationAction$ReroutePhase.doRun(TransportReplicationAction.java:680) ~[elasticsearch-5.6.0.jar:5.6.0]
	at org.elasticsearch.common.util.concurrent.AbstractRunnable.run(AbstractRunnable.java:37) ~[elasticsearch-5.6.0.jar:5.6.0]
	at org.elasticsearch.action.support.replication.TransportReplicationAction$ReroutePhase$2.onNewClusterState(TransportReplicationAction.java:835) ~[elasticsearch-5.6.0.jar:5.6.0]
	at org.elasticsearch.cluster.ClusterStateObserver$ContextPreservingListener.onNewClusterState(ClusterStateObserver.java:297) ~[elasticsearch-5.6.0.jar:5.6.0]
	at org.elasticsearch.cluster.ClusterStateObserver$ObserverClusterStateListener.clusterChanged(ClusterStateObserver.java:185) ~[elasticsearch-5.6.0.jar:5.6.0]
	at org.elasticsearch.cluster.service.ClusterService.lambda$publishAndApplyChanges$7(ClusterService.java:777) ~[elasticsearch-5.6.0.jar:5.6.0]
	at java.util.concurrent.ConcurrentHashMap$KeySpliterator.forEachRemaining(Unknown Source) [?:1.8.0_261]
	at java.util.stream.Streams$ConcatSpliterator.forEachRemaining(Unknown Source) [?:1.8.0_261]
	at java.util.stream.ReferencePipeline$Head.forEach(Unknown Source) [?:1.8.0_261]
	at org.elasticsearch.cluster.service.ClusterService.publishAndApplyChanges(ClusterService.java:774) [elasticsearch-5.6.0.jar:5.6.0]
	at org.elasticsearch.cluster.service.ClusterService.runTasks(ClusterService.java:587) [elasticsearch-5.6.0.jar:5.6.0]
	at org.elasticsearch.cluster.service.ClusterService$ClusterServiceTaskBatcher.run(ClusterService.java:263) [elasticsearch-5.6.0.jar:5.6.0]
	at org.elasticsearch.cluster.service.TaskBatcher.runIfNotProcessed(TaskBatcher.java:150) [elasticsearch-5.6.0.jar:5.6.0]
	at org.elasticsearch.cluster.service.TaskBatcher$BatchedTask.run(TaskBatcher.java:188) [elasticsearch-5.6.0.jar:5.6.0]
	at org.elasticsearch.common.util.concurrent.ThreadContext$ContextPreservingRunnable.run(ThreadContext.java:569) [elasticsearch-5.6.0.jar:5.6.0]
	at org.elasticsearch.common.util.concurrent.PrioritizedEsThreadPoolExecutor$TieBreakingPrioritizedRunnable.runAndClean(PrioritizedEsThreadPoolExecutor.java:247) [elasticsearch-5.6.0.jar:5.6.0]
	at org.elasticsearch.common.util.concurrent.PrioritizedEsThreadPoolExecutor$TieBreakingPrioritizedRunnable.run(PrioritizedEsThreadPoolExecutor.java:210) [elasticsearch-5.6.0.jar:5.6.0]
	at java.util.concurrent.ThreadPoolExecutor.runWorker(Unknown Source) [?:1.8.0_261]
	at java.util.concurrent.ThreadPoolExecutor$Worker.run(Unknown Source) [?:1.8.0_261]
	at java.lang.Thread.run(Unknown Source) [?:1.8.0_261]
[2020-08-05T14:20:28,743][WARN ][o.e.a.b.TransportShardBulkAction] [hHj-txf] unexpected error during the primary phase for action [indices:data/write/bulk[s]], request [BulkShardRequest [[product_suggest][1]] containing [558] requests]
org.elasticsearch.index.IndexNotFoundException: no such index
	at org.elasticsearch.cluster.routing.RoutingTable.shardRoutingTable(RoutingTable.java:137) ~[elasticsearch-5.6.0.jar:5.6.0]
	at org.elasticsearch.action.support.replication.TransportReplicationAction$ReroutePhase.primary(TransportReplicationAction.java:745) ~[elasticsearch-5.6.0.jar:5.6.0]
	at org.elasticsearch.action.support.replication.TransportReplicationAction$ReroutePhase.doRun(TransportReplicationAction.java:680) ~[elasticsearch-5.6.0.jar:5.6.0]
	at org.elasticsearch.common.util.concurrent.AbstractRunnable.run(AbstractRunnable.java:37) ~[elasticsearch-5.6.0.jar:5.6.0]
	at org.elasticsearch.action.support.replication.TransportReplicationAction$ReroutePhase$2.onNewClusterState(TransportReplicationAction.java:835) ~[elasticsearch-5.6.0.jar:5.6.0]
	at org.elasticsearch.cluster.ClusterStateObserver$ContextPreservingListener.onNewClusterState(ClusterStateObserver.java:297) ~[elasticsearch-5.6.0.jar:5.6.0]
	at org.elasticsearch.cluster.ClusterStateObserver$ObserverClusterStateListener.clusterChanged(ClusterStateObserver.java:185) ~[elasticsearch-5.6.0.jar:5.6.0]
	at org.elasticsearch.cluster.service.ClusterService.lambda$publishAndApplyChanges$7(ClusterService.java:777) ~[elasticsearch-5.6.0.jar:5.6.0]
	at java.util.concurrent.ConcurrentHashMap$KeySpliterator.forEachRemaining(Unknown Source) [?:1.8.0_261]
	at java.util.stream.Streams$ConcatSpliterator.forEachRemaining(Unknown Source) [?:1.8.0_261]
	at java.util.stream.ReferencePipeline$Head.forEach(Unknown Source) [?:1.8.0_261]
	at org.elasticsearch.cluster.service.ClusterService.publishAndApplyChanges(ClusterService.java:774) [elasticsearch-5.6.0.jar:5.6.0]
	at org.elasticsearch.cluster.service.ClusterService.runTasks(ClusterService.java:587) [elasticsearch-5.6.0.jar:5.6.0]
	at org.elasticsearch.cluster.service.ClusterService$ClusterServiceTaskBatcher.run(ClusterService.java:263) [elasticsearch-5.6.0.jar:5.6.0]
	at org.elasticsearch.cluster.service.TaskBatcher.runIfNotProcessed(TaskBatcher.java:150) [elasticsearch-5.6.0.jar:5.6.0]
	at org.elasticsearch.cluster.service.TaskBatcher$BatchedTask.run(TaskBatcher.java:188) [elasticsearch-5.6.0.jar:5.6.0]
	at org.elasticsearch.common.util.concurrent.ThreadContext$ContextPreservingRunnable.run(ThreadContext.java:569) [elasticsearch-5.6.0.jar:5.6.0]
	at org.elasticsearch.common.util.concurrent.PrioritizedEsThreadPoolExecutor$TieBreakingPrioritizedRunnable.runAndClean(PrioritizedEsThreadPoolExecutor.java:247) [elasticsearch-5.6.0.jar:5.6.0]
	at org.elasticsearch.common.util.concurrent.PrioritizedEsThreadPoolExecutor$TieBreakingPrioritizedRunnable.run(PrioritizedEsThreadPoolExecutor.java:210) [elasticsearch-5.6.0.jar:5.6.0]
	at java.util.concurrent.ThreadPoolExecutor.runWorker(Unknown Source) [?:1.8.0_261]
	at java.util.concurrent.ThreadPoolExecutor$Worker.run(Unknown Source) [?:1.8.0_261]
	at java.lang.Thread.run(Unknown Source) [?:1.8.0_261]
[2020-08-05T16:25:15,559][INFO ][o.e.n.Node               ] [] initializing ...
[2020-08-05T16:25:15,972][INFO ][o.e.e.NodeEnvironment    ] [hHj-txf] using [1] data paths, mounts [[Elements (E:)]], net usable_space [309.6gb], net total_space [465.7gb], spins? [unknown], types [NTFS]
[2020-08-05T16:25:15,973][INFO ][o.e.e.NodeEnvironment    ] [hHj-txf] heap size [1.9gb], compressed ordinary object pointers [true]
[2020-08-05T16:25:16,334][INFO ][o.e.n.Node               ] node name [hHj-txf] derived from node ID [hHj-txf9QGabFfsXAWjKpw]; set [node.name] to override
[2020-08-05T16:25:16,335][INFO ][o.e.n.Node               ] version[5.6.0], pid[9528], build[781a835/2017-09-07T03:09:58.087Z], OS[Windows 10/10.0/amd64], JVM[Oracle Corporation/Java HotSpot(TM) 64-Bit Server VM/1.8.0_261/25.261-b12]
[2020-08-05T16:25:16,335][INFO ][o.e.n.Node               ] JVM arguments [-Xms2g, -Xmx2g, -XX:+UseConcMarkSweepGC, -XX:CMSInitiatingOccupancyFraction=75, -XX:+UseCMSInitiatingOccupancyOnly, -XX:+AlwaysPreTouch, -Xss1m, -Djava.awt.headless=true, -Dfile.encoding=UTF-8, -Djna.nosys=true, -Djdk.io.permissionsUseCanonicalPath=true, -Dio.netty.noUnsafe=true, -Dio.netty.noKeySetOptimization=true, -Dio.netty.recycler.maxCapacityPerThread=0, -Dlog4j.shutdownHookEnabled=false, -Dlog4j2.disable.jmx=true, -Dlog4j.skipJansi=true, -XX:+HeapDumpOnOutOfMemoryError, -Delasticsearch, -Des.path.home=E:\DuAn\vnetcore\elasticsearch-5.6.0]
[2020-08-05T16:25:23,861][INFO ][o.e.p.PluginsService     ] [hHj-txf] loaded module [aggs-matrix-stats]
[2020-08-05T16:25:23,862][INFO ][o.e.p.PluginsService     ] [hHj-txf] loaded module [ingest-common]
[2020-08-05T16:25:23,862][INFO ][o.e.p.PluginsService     ] [hHj-txf] loaded module [lang-expression]
[2020-08-05T16:25:23,862][INFO ][o.e.p.PluginsService     ] [hHj-txf] loaded module [lang-groovy]
[2020-08-05T16:25:23,862][INFO ][o.e.p.PluginsService     ] [hHj-txf] loaded module [lang-mustache]
[2020-08-05T16:25:23,863][INFO ][o.e.p.PluginsService     ] [hHj-txf] loaded module [lang-painless]
[2020-08-05T16:25:23,863][INFO ][o.e.p.PluginsService     ] [hHj-txf] loaded module [parent-join]
[2020-08-05T16:25:23,863][INFO ][o.e.p.PluginsService     ] [hHj-txf] loaded module [percolator]
[2020-08-05T16:25:23,863][INFO ][o.e.p.PluginsService     ] [hHj-txf] loaded module [reindex]
[2020-08-05T16:25:23,863][INFO ][o.e.p.PluginsService     ] [hHj-txf] loaded module [transport-netty3]
[2020-08-05T16:25:23,863][INFO ][o.e.p.PluginsService     ] [hHj-txf] loaded module [transport-netty4]
[2020-08-05T16:25:23,864][INFO ][o.e.p.PluginsService     ] [hHj-txf] no plugins loaded
[2020-08-05T16:25:32,990][INFO ][o.e.d.DiscoveryModule    ] [hHj-txf] using discovery type [zen]
[2020-08-05T16:25:35,363][INFO ][o.e.n.Node               ] initialized
[2020-08-05T16:25:35,365][INFO ][o.e.n.Node               ] [hHj-txf] starting ...
[2020-08-05T16:25:37,892][INFO ][o.e.t.TransportService   ] [hHj-txf] publish_address {127.0.0.1:9300}, bound_addresses {127.0.0.1:9300}, {[::1]:9300}
[2020-08-05T16:25:41,188][INFO ][o.e.c.s.ClusterService   ] [hHj-txf] new_master {hHj-txf}{hHj-txf9QGabFfsXAWjKpw}{ONHmp5qQSvuWdfpL04nVsw}{127.0.0.1}{127.0.0.1:9300}, reason: zen-disco-elected-as-master ([0] nodes joined)
[2020-08-05T16:25:42,621][INFO ][o.e.g.GatewayService     ] [hHj-txf] recovered [1] indices into cluster_state
[2020-08-05T16:25:44,804][INFO ][o.e.c.r.a.AllocationService] [hHj-txf] Cluster health status changed from [RED] to [YELLOW] (reason: [shards started [[product_suggest][1]] ...]).
[2020-08-05T16:25:45,201][INFO ][o.e.h.n.Netty4HttpServerTransport] [hHj-txf] publish_address {127.0.0.1:9200}, bound_addresses {127.0.0.1:9200}, {[::1]:9200}
[2020-08-05T16:25:45,202][INFO ][o.e.n.Node               ] [hHj-txf] started
[2020-08-05T16:29:47,981][INFO ][o.e.c.m.MetaDataDeleteIndexService] [hHj-txf] [product_suggest/2H9znFymRAWlvnBuQQpM0A] deleting index
[2020-08-05T16:29:48,536][DEBUG][o.e.a.a.i.d.TransportDeleteIndexAction] [hHj-txf] failed to delete indices [[[product_suggest/2H9znFymRAWlvnBuQQpM0A]]]
org.elasticsearch.index.IndexNotFoundException: no such index
	at org.elasticsearch.cluster.metadata.MetaData.getIndexSafe(MetaData.java:473) ~[elasticsearch-5.6.0.jar:5.6.0]
	at org.elasticsearch.cluster.metadata.MetaDataDeleteIndexService.lambda$deleteIndices$0(MetaDataDeleteIndexService.java:89) ~[elasticsearch-5.6.0.jar:5.6.0]
	at java.util.stream.ReferencePipeline$3$1.accept(Unknown Source) ~[?:1.8.0_261]
	at java.util.HashMap$KeySpliterator.forEachRemaining(Unknown Source) ~[?:1.8.0_261]
	at java.util.stream.AbstractPipeline.copyInto(Unknown Source) ~[?:1.8.0_261]
	at java.util.stream.AbstractPipeline.wrapAndCopyInto(Unknown Source) ~[?:1.8.0_261]
	at java.util.stream.ReduceOps$ReduceOp.evaluateSequential(Unknown Source) ~[?:1.8.0_261]
	at java.util.stream.AbstractPipeline.evaluate(Unknown Source) ~[?:1.8.0_261]
	at java.util.stream.ReferencePipeline.collect(Unknown Source) ~[?:1.8.0_261]
	at org.elasticsearch.cluster.metadata.MetaDataDeleteIndexService.deleteIndices(MetaDataDeleteIndexService.java:89) ~[elasticsearch-5.6.0.jar:5.6.0]
	at org.elasticsearch.cluster.metadata.MetaDataDeleteIndexService$1.execute(MetaDataDeleteIndexService.java:79) ~[elasticsearch-5.6.0.jar:5.6.0]
	at org.elasticsearch.cluster.ClusterStateUpdateTask.execute(ClusterStateUpdateTask.java:45) ~[elasticsearch-5.6.0.jar:5.6.0]
	at org.elasticsearch.cluster.service.ClusterService.executeTasks(ClusterService.java:634) ~[elasticsearch-5.6.0.jar:5.6.0]
	at org.elasticsearch.cluster.service.ClusterService.calculateTaskOutputs(ClusterService.java:612) ~[elasticsearch-5.6.0.jar:5.6.0]
	at org.elasticsearch.cluster.service.ClusterService.runTasks(ClusterService.java:571) [elasticsearch-5.6.0.jar:5.6.0]
	at org.elasticsearch.cluster.service.ClusterService$ClusterServiceTaskBatcher.run(ClusterService.java:263) [elasticsearch-5.6.0.jar:5.6.0]
	at org.elasticsearch.cluster.service.TaskBatcher.runIfNotProcessed(TaskBatcher.java:150) [elasticsearch-5.6.0.jar:5.6.0]
	at org.elasticsearch.cluster.service.TaskBatcher$BatchedTask.run(TaskBatcher.java:188) [elasticsearch-5.6.0.jar:5.6.0]
	at org.elasticsearch.common.util.concurrent.ThreadContext$ContextPreservingRunnable.run(ThreadContext.java:569) [elasticsearch-5.6.0.jar:5.6.0]
	at org.elasticsearch.common.util.concurrent.PrioritizedEsThreadPoolExecutor$TieBreakingPrioritizedRunnable.runAndClean(PrioritizedEsThreadPoolExecutor.java:247) [elasticsearch-5.6.0.jar:5.6.0]
	at org.elasticsearch.common.util.concurrent.PrioritizedEsThreadPoolExecutor$TieBreakingPrioritizedRunnable.run(PrioritizedEsThreadPoolExecutor.java:210) [elasticsearch-5.6.0.jar:5.6.0]
	at java.util.concurrent.ThreadPoolExecutor.runWorker(Unknown Source) [?:1.8.0_261]
	at java.util.concurrent.ThreadPoolExecutor$Worker.run(Unknown Source) [?:1.8.0_261]
	at java.lang.Thread.run(Unknown Source) [?:1.8.0_261]
[2020-08-05T16:29:49,138][INFO ][o.e.c.m.MetaDataCreateIndexService] [hHj-txf] [product_suggest] creating index, cause [api], templates [], shards [5]/[1], mappings [productes]
[2020-08-05T16:29:56,972][INFO ][o.e.c.m.MetaDataDeleteIndexService] [hHj-txf] [product_suggest/g4LfBjJWQ7mflP9ZrctBSg] deleting index
[2020-08-05T16:29:57,180][DEBUG][o.e.a.s.TransportSearchAction] [hHj-txf] All shards failed for phase: [query]
[2020-08-05T16:29:57,213][WARN ][r.suppressed             ] path: /product_suggest/_search, params: {index=product_suggest}
org.elasticsearch.action.search.SearchPhaseExecutionException: all shards failed
	at org.elasticsearch.action.search.AbstractSearchAsyncAction.onPhaseFailure(AbstractSearchAsyncAction.java:272) [elasticsearch-5.6.0.jar:5.6.0]
	at org.elasticsearch.action.search.AbstractSearchAsyncAction.executeNextPhase(AbstractSearchAsyncAction.java:130) [elasticsearch-5.6.0.jar:5.6.0]
	at org.elasticsearch.action.search.AbstractSearchAsyncAction.onPhaseDone(AbstractSearchAsyncAction.java:241) [elasticsearch-5.6.0.jar:5.6.0]
	at org.elasticsearch.action.search.InitialSearchPhase.onShardFailure(InitialSearchPhase.java:90) [elasticsearch-5.6.0.jar:5.6.0]
	at org.elasticsearch.action.search.InitialSearchPhase.access$100(InitialSearchPhase.java:46) [elasticsearch-5.6.0.jar:5.6.0]
	at org.elasticsearch.action.search.InitialSearchPhase$1.onFailure(InitialSearchPhase.java:169) [elasticsearch-5.6.0.jar:5.6.0]
	at org.elasticsearch.action.ActionListenerResponseHandler.handleException(ActionListenerResponseHandler.java:51) [elasticsearch-5.6.0.jar:5.6.0]
	at org.elasticsearch.transport.TransportService$ContextRestoreResponseHandler.handleException(TransportService.java:1067) [elasticsearch-5.6.0.jar:5.6.0]
	at org.elasticsearch.transport.TransportService$DirectResponseChannel.processException(TransportService.java:1171) [elasticsearch-5.6.0.jar:5.6.0]
	at org.elasticsearch.transport.TransportService$DirectResponseChannel.sendResponse(TransportService.java:1149) [elasticsearch-5.6.0.jar:5.6.0]
	at org.elasticsearch.transport.TransportService$7.onFailure(TransportService.java:655) [elasticsearch-5.6.0.jar:5.6.0]
	at org.elasticsearch.common.util.concurrent.ThreadContext$ContextPreservingAbstractRunnable.onFailure(ThreadContext.java:623) [elasticsearch-5.6.0.jar:5.6.0]
	at org.elasticsearch.common.util.concurrent.AbstractRunnable.run(AbstractRunnable.java:39) [elasticsearch-5.6.0.jar:5.6.0]
	at java.util.concurrent.ThreadPoolExecutor.runWorker(Unknown Source) [?:1.8.0_261]
	at java.util.concurrent.ThreadPoolExecutor$Worker.run(Unknown Source) [?:1.8.0_261]
	at java.lang.Thread.run(Unknown Source) [?:1.8.0_261]
[2020-08-05T16:29:57,969][DEBUG][o.e.a.s.TransportSearchAction] [hHj-txf] All shards failed for phase: [query]
[2020-08-05T16:29:57,973][WARN ][r.suppressed             ] path: /product_suggest/_search, params: {index=product_suggest}
org.elasticsearch.action.search.SearchPhaseExecutionException: all shards failed
	at org.elasticsearch.action.search.AbstractSearchAsyncAction.onPhaseFailure(AbstractSearchAsyncAction.java:272) [elasticsearch-5.6.0.jar:5.6.0]
	at org.elasticsearch.action.search.AbstractSearchAsyncAction.executeNextPhase(AbstractSearchAsyncAction.java:130) [elasticsearch-5.6.0.jar:5.6.0]
	at org.elasticsearch.action.search.AbstractSearchAsyncAction.onPhaseDone(AbstractSearchAsyncAction.java:241) [elasticsearch-5.6.0.jar:5.6.0]
	at org.elasticsearch.action.search.InitialSearchPhase.onShardFailure(InitialSearchPhase.java:90) [elasticsearch-5.6.0.jar:5.6.0]
	at org.elasticsearch.action.search.InitialSearchPhase.access$100(InitialSearchPhase.java:46) [elasticsearch-5.6.0.jar:5.6.0]
	at org.elasticsearch.action.search.InitialSearchPhase$1.onFailure(InitialSearchPhase.java:169) [elasticsearch-5.6.0.jar:5.6.0]
	at org.elasticsearch.action.ActionListenerResponseHandler.handleException(ActionListenerResponseHandler.java:51) [elasticsearch-5.6.0.jar:5.6.0]
	at org.elasticsearch.transport.TransportService$ContextRestoreResponseHandler.handleException(TransportService.java:1067) [elasticsearch-5.6.0.jar:5.6.0]
	at org.elasticsearch.transport.TransportService$DirectResponseChannel.processException(TransportService.java:1171) [elasticsearch-5.6.0.jar:5.6.0]
	at org.elasticsearch.transport.TransportService$DirectResponseChannel.sendResponse(TransportService.java:1149) [elasticsearch-5.6.0.jar:5.6.0]
	at org.elasticsearch.transport.TransportService$7.onFailure(TransportService.java:655) [elasticsearch-5.6.0.jar:5.6.0]
	at org.elasticsearch.common.util.concurrent.ThreadContext$ContextPreservingAbstractRunnable.onFailure(ThreadContext.java:623) [elasticsearch-5.6.0.jar:5.6.0]
	at org.elasticsearch.common.util.concurrent.AbstractRunnable.run(AbstractRunnable.java:39) [elasticsearch-5.6.0.jar:5.6.0]
	at java.util.concurrent.ThreadPoolExecutor.runWorker(Unknown Source) [?:1.8.0_261]
	at java.util.concurrent.ThreadPoolExecutor$Worker.run(Unknown Source) [?:1.8.0_261]
	at java.lang.Thread.run(Unknown Source) [?:1.8.0_261]
[2020-08-05T16:29:58,257][DEBUG][o.e.a.s.TransportSearchAction] [hHj-txf] All shards failed for phase: [query]
[2020-08-05T16:29:58,261][WARN ][r.suppressed             ] path: /product_suggest/_search, params: {index=product_suggest}
org.elasticsearch.action.search.SearchPhaseExecutionException: all shards failed
	at org.elasticsearch.action.search.AbstractSearchAsyncAction.onPhaseFailure(AbstractSearchAsyncAction.java:272) [elasticsearch-5.6.0.jar:5.6.0]
	at org.elasticsearch.action.search.AbstractSearchAsyncAction.executeNextPhase(AbstractSearchAsyncAction.java:130) [elasticsearch-5.6.0.jar:5.6.0]
	at org.elasticsearch.action.search.AbstractSearchAsyncAction.onPhaseDone(AbstractSearchAsyncAction.java:241) [elasticsearch-5.6.0.jar:5.6.0]
	at org.elasticsearch.action.search.InitialSearchPhase.onShardFailure(InitialSearchPhase.java:90) [elasticsearch-5.6.0.jar:5.6.0]
	at org.elasticsearch.action.search.InitialSearchPhase.access$100(InitialSearchPhase.java:46) [elasticsearch-5.6.0.jar:5.6.0]
	at org.elasticsearch.action.search.InitialSearchPhase$1.onFailure(InitialSearchPhase.java:169) [elasticsearch-5.6.0.jar:5.6.0]
	at org.elasticsearch.action.ActionListenerResponseHandler.handleException(ActionListenerResponseHandler.java:51) [elasticsearch-5.6.0.jar:5.6.0]
	at org.elasticsearch.transport.TransportService$ContextRestoreResponseHandler.handleException(TransportService.java:1067) [elasticsearch-5.6.0.jar:5.6.0]
	at org.elasticsearch.transport.TransportService$DirectResponseChannel.processException(TransportService.java:1171) [elasticsearch-5.6.0.jar:5.6.0]
	at org.elasticsearch.transport.TransportService$DirectResponseChannel.sendResponse(TransportService.java:1149) [elasticsearch-5.6.0.jar:5.6.0]
	at org.elasticsearch.transport.TransportService$7.onFailure(TransportService.java:655) [elasticsearch-5.6.0.jar:5.6.0]
	at org.elasticsearch.common.util.concurrent.ThreadContext$ContextPreservingAbstractRunnable.onFailure(ThreadContext.java:623) [elasticsearch-5.6.0.jar:5.6.0]
	at org.elasticsearch.common.util.concurrent.AbstractRunnable.run(AbstractRunnable.java:39) [elasticsearch-5.6.0.jar:5.6.0]
	at java.util.concurrent.ThreadPoolExecutor.runWorker(Unknown Source) [?:1.8.0_261]
	at java.util.concurrent.ThreadPoolExecutor$Worker.run(Unknown Source) [?:1.8.0_261]
	at java.lang.Thread.run(Unknown Source) [?:1.8.0_261]
[2020-08-05T16:29:59,285][DEBUG][o.e.a.s.TransportSearchAction] [hHj-txf] All shards failed for phase: [query]
[2020-08-05T16:29:59,299][WARN ][r.suppressed             ] path: /product_suggest/_search, params: {index=product_suggest}
org.elasticsearch.action.search.SearchPhaseExecutionException: all shards failed
	at org.elasticsearch.action.search.AbstractSearchAsyncAction.onPhaseFailure(AbstractSearchAsyncAction.java:272) [elasticsearch-5.6.0.jar:5.6.0]
	at org.elasticsearch.action.search.AbstractSearchAsyncAction.executeNextPhase(AbstractSearchAsyncAction.java:130) [elasticsearch-5.6.0.jar:5.6.0]
	at org.elasticsearch.action.search.AbstractSearchAsyncAction.onPhaseDone(AbstractSearchAsyncAction.java:241) [elasticsearch-5.6.0.jar:5.6.0]
	at org.elasticsearch.action.search.InitialSearchPhase.onShardFailure(InitialSearchPhase.java:90) [elasticsearch-5.6.0.jar:5.6.0]
	at org.elasticsearch.action.search.InitialSearchPhase.access$100(InitialSearchPhase.java:46) [elasticsearch-5.6.0.jar:5.6.0]
	at org.elasticsearch.action.search.InitialSearchPhase$1.onFailure(InitialSearchPhase.java:169) [elasticsearch-5.6.0.jar:5.6.0]
	at org.elasticsearch.action.ActionListenerResponseHandler.handleException(ActionListenerResponseHandler.java:51) [elasticsearch-5.6.0.jar:5.6.0]
	at org.elasticsearch.transport.TransportService$ContextRestoreResponseHandler.handleException(TransportService.java:1067) [elasticsearch-5.6.0.jar:5.6.0]
	at org.elasticsearch.transport.TransportService$DirectResponseChannel.processException(TransportService.java:1171) [elasticsearch-5.6.0.jar:5.6.0]
	at org.elasticsearch.transport.TransportService$DirectResponseChannel.sendResponse(TransportService.java:1149) [elasticsearch-5.6.0.jar:5.6.0]
	at org.elasticsearch.transport.TransportService$7.onFailure(TransportService.java:655) [elasticsearch-5.6.0.jar:5.6.0]
	at org.elasticsearch.common.util.concurrent.ThreadContext$ContextPreservingAbstractRunnable.onFailure(ThreadContext.java:623) [elasticsearch-5.6.0.jar:5.6.0]
	at org.elasticsearch.common.util.concurrent.AbstractRunnable.run(AbstractRunnable.java:39) [elasticsearch-5.6.0.jar:5.6.0]
	at java.util.concurrent.ThreadPoolExecutor.runWorker(Unknown Source) [?:1.8.0_261]
	at java.util.concurrent.ThreadPoolExecutor$Worker.run(Unknown Source) [?:1.8.0_261]
	at java.lang.Thread.run(Unknown Source) [?:1.8.0_261]
[2020-08-05T16:29:59,650][DEBUG][o.e.a.s.TransportSearchAction] [hHj-txf] All shards failed for phase: [query]
[2020-08-05T16:29:59,653][WARN ][r.suppressed             ] path: /product_suggest/_search, params: {index=product_suggest}
org.elasticsearch.action.search.SearchPhaseExecutionException: all shards failed
	at org.elasticsearch.action.search.AbstractSearchAsyncAction.onPhaseFailure(AbstractSearchAsyncAction.java:272) [elasticsearch-5.6.0.jar:5.6.0]
	at org.elasticsearch.action.search.AbstractSearchAsyncAction.executeNextPhase(AbstractSearchAsyncAction.java:130) [elasticsearch-5.6.0.jar:5.6.0]
	at org.elasticsearch.action.search.AbstractSearchAsyncAction.onPhaseDone(AbstractSearchAsyncAction.java:241) [elasticsearch-5.6.0.jar:5.6.0]
	at org.elasticsearch.action.search.InitialSearchPhase.onShardFailure(InitialSearchPhase.java:90) [elasticsearch-5.6.0.jar:5.6.0]
	at org.elasticsearch.action.search.InitialSearchPhase.access$100(InitialSearchPhase.java:46) [elasticsearch-5.6.0.jar:5.6.0]
	at org.elasticsearch.action.search.InitialSearchPhase$1.onFailure(InitialSearchPhase.java:169) [elasticsearch-5.6.0.jar:5.6.0]
	at org.elasticsearch.action.ActionListenerResponseHandler.handleException(ActionListenerResponseHandler.java:51) [elasticsearch-5.6.0.jar:5.6.0]
	at org.elasticsearch.transport.TransportService$ContextRestoreResponseHandler.handleException(TransportService.java:1067) [elasticsearch-5.6.0.jar:5.6.0]
	at org.elasticsearch.transport.TransportService$DirectResponseChannel.processException(TransportService.java:1171) [elasticsearch-5.6.0.jar:5.6.0]
	at org.elasticsearch.transport.TransportService$DirectResponseChannel.sendResponse(TransportService.java:1149) [elasticsearch-5.6.0.jar:5.6.0]
	at org.elasticsearch.transport.TransportService$7.onFailure(TransportService.java:655) [elasticsearch-5.6.0.jar:5.6.0]
	at org.elasticsearch.common.util.concurrent.ThreadContext$ContextPreservingAbstractRunnable.onFailure(ThreadContext.java:623) [elasticsearch-5.6.0.jar:5.6.0]
	at org.elasticsearch.common.util.concurrent.AbstractRunnable.run(AbstractRunnable.java:39) [elasticsearch-5.6.0.jar:5.6.0]
	at java.util.concurrent.ThreadPoolExecutor.runWorker(Unknown Source) [?:1.8.0_261]
	at java.util.concurrent.ThreadPoolExecutor$Worker.run(Unknown Source) [?:1.8.0_261]
	at java.lang.Thread.run(Unknown Source) [?:1.8.0_261]
[2020-08-05T16:29:59,870][DEBUG][o.e.a.a.i.d.TransportDeleteIndexAction] [hHj-txf] failed to delete indices [[[product_suggest/g4LfBjJWQ7mflP9ZrctBSg]]]
org.elasticsearch.index.IndexNotFoundException: no such index
	at org.elasticsearch.cluster.metadata.MetaData.getIndexSafe(MetaData.java:473) ~[elasticsearch-5.6.0.jar:5.6.0]
	at org.elasticsearch.cluster.metadata.MetaDataDeleteIndexService.lambda$deleteIndices$0(MetaDataDeleteIndexService.java:89) ~[elasticsearch-5.6.0.jar:5.6.0]
	at java.util.stream.ReferencePipeline$3$1.accept(Unknown Source) ~[?:1.8.0_261]
	at java.util.HashMap$KeySpliterator.forEachRemaining(Unknown Source) ~[?:1.8.0_261]
	at java.util.stream.AbstractPipeline.copyInto(Unknown Source) ~[?:1.8.0_261]
	at java.util.stream.AbstractPipeline.wrapAndCopyInto(Unknown Source) ~[?:1.8.0_261]
	at java.util.stream.ReduceOps$ReduceOp.evaluateSequential(Unknown Source) ~[?:1.8.0_261]
	at java.util.stream.AbstractPipeline.evaluate(Unknown Source) ~[?:1.8.0_261]
	at java.util.stream.ReferencePipeline.collect(Unknown Source) ~[?:1.8.0_261]
	at org.elasticsearch.cluster.metadata.MetaDataDeleteIndexService.deleteIndices(MetaDataDeleteIndexService.java:89) ~[elasticsearch-5.6.0.jar:5.6.0]
	at org.elasticsearch.cluster.metadata.MetaDataDeleteIndexService$1.execute(MetaDataDeleteIndexService.java:79) ~[elasticsearch-5.6.0.jar:5.6.0]
	at org.elasticsearch.cluster.ClusterStateUpdateTask.execute(ClusterStateUpdateTask.java:45) ~[elasticsearch-5.6.0.jar:5.6.0]
	at org.elasticsearch.cluster.service.ClusterService.executeTasks(ClusterService.java:634) ~[elasticsearch-5.6.0.jar:5.6.0]
	at org.elasticsearch.cluster.service.ClusterService.calculateTaskOutputs(ClusterService.java:612) ~[elasticsearch-5.6.0.jar:5.6.0]
	at org.elasticsearch.cluster.service.ClusterService.runTasks(ClusterService.java:571) [elasticsearch-5.6.0.jar:5.6.0]
	at org.elasticsearch.cluster.service.ClusterService$ClusterServiceTaskBatcher.run(ClusterService.java:263) [elasticsearch-5.6.0.jar:5.6.0]
	at org.elasticsearch.cluster.service.TaskBatcher.runIfNotProcessed(TaskBatcher.java:150) [elasticsearch-5.6.0.jar:5.6.0]
	at org.elasticsearch.cluster.service.TaskBatcher$BatchedTask.run(TaskBatcher.java:188) [elasticsearch-5.6.0.jar:5.6.0]
	at org.elasticsearch.common.util.concurrent.ThreadContext$ContextPreservingRunnable.run(ThreadContext.java:569) [elasticsearch-5.6.0.jar:5.6.0]
	at org.elasticsearch.common.util.concurrent.PrioritizedEsThreadPoolExecutor$TieBreakingPrioritizedRunnable.runAndClean(PrioritizedEsThreadPoolExecutor.java:247) [elasticsearch-5.6.0.jar:5.6.0]
	at org.elasticsearch.common.util.concurrent.PrioritizedEsThreadPoolExecutor$TieBreakingPrioritizedRunnable.run(PrioritizedEsThreadPoolExecutor.java:210) [elasticsearch-5.6.0.jar:5.6.0]
	at java.util.concurrent.ThreadPoolExecutor.runWorker(Unknown Source) [?:1.8.0_261]
	at java.util.concurrent.ThreadPoolExecutor$Worker.run(Unknown Source) [?:1.8.0_261]
	at java.lang.Thread.run(Unknown Source) [?:1.8.0_261]
[2020-08-05T16:29:59,908][INFO ][o.e.c.m.MetaDataCreateIndexService] [hHj-txf] [product_suggest] creating index, cause [api], templates [], shards [5]/[1], mappings [productes]
[2020-08-05T18:53:10,530][INFO ][o.e.b.Bootstrap          ] running graceful exit on windows
[2020-08-05T18:53:10,540][INFO ][o.e.n.Node               ] [hHj-txf] stopping ...
[2020-08-05T18:53:10,665][INFO ][o.e.n.Node               ] [hHj-txf] stopped
[2020-08-05T18:53:10,670][INFO ][o.e.n.Node               ] [hHj-txf] closing ...
[2020-08-05T18:53:10,726][INFO ][o.e.n.Node               ] [hHj-txf] closed
