[2020-08-07T09:30:59,090][INFO ][o.e.n.Node               ] [] initializing ...
[2020-08-07T09:30:59,568][INFO ][o.e.e.NodeEnvironment    ] [hHj-txf] using [1] data paths, mounts [[Elements (E:)]], net usable_space [309gb], net total_space [465.7gb], spins? [unknown], types [NTFS]
[2020-08-07T09:30:59,569][INFO ][o.e.e.NodeEnvironment    ] [hHj-txf] heap size [1.9gb], compressed ordinary object pointers [true]
[2020-08-07T09:30:59,944][INFO ][o.e.n.Node               ] node name [hHj-txf] derived from node ID [hHj-txf9QGabFfsXAWjKpw]; set [node.name] to override
[2020-08-07T09:30:59,944][INFO ][o.e.n.Node               ] version[5.6.0], pid[16036], build[781a835/2017-09-07T03:09:58.087Z], OS[Windows 10/10.0/amd64], JVM[Oracle Corporation/Java HotSpot(TM) 64-Bit Server VM/1.8.0_261/25.261-b12]
[2020-08-07T09:30:59,945][INFO ][o.e.n.Node               ] JVM arguments [-Xms2g, -Xmx2g, -XX:+UseConcMarkSweepGC, -XX:CMSInitiatingOccupancyFraction=75, -XX:+UseCMSInitiatingOccupancyOnly, -XX:+AlwaysPreTouch, -Xss1m, -Djava.awt.headless=true, -Dfile.encoding=UTF-8, -Djna.nosys=true, -Djdk.io.permissionsUseCanonicalPath=true, -Dio.netty.noUnsafe=true, -Dio.netty.noKeySetOptimization=true, -Dio.netty.recycler.maxCapacityPerThread=0, -Dlog4j.shutdownHookEnabled=false, -Dlog4j2.disable.jmx=true, -Dlog4j.skipJansi=true, -XX:+HeapDumpOnOutOfMemoryError, -Delasticsearch, -Des.path.home=E:\DuAn\vnetcore\elasticsearch-5.6.0]
[2020-08-07T09:31:04,890][INFO ][o.e.p.PluginsService     ] [hHj-txf] loaded module [aggs-matrix-stats]
[2020-08-07T09:31:04,890][INFO ][o.e.p.PluginsService     ] [hHj-txf] loaded module [ingest-common]
[2020-08-07T09:31:04,890][INFO ][o.e.p.PluginsService     ] [hHj-txf] loaded module [lang-expression]
[2020-08-07T09:31:04,891][INFO ][o.e.p.PluginsService     ] [hHj-txf] loaded module [lang-groovy]
[2020-08-07T09:31:04,891][INFO ][o.e.p.PluginsService     ] [hHj-txf] loaded module [lang-mustache]
[2020-08-07T09:31:04,891][INFO ][o.e.p.PluginsService     ] [hHj-txf] loaded module [lang-painless]
[2020-08-07T09:31:04,891][INFO ][o.e.p.PluginsService     ] [hHj-txf] loaded module [parent-join]
[2020-08-07T09:31:04,891][INFO ][o.e.p.PluginsService     ] [hHj-txf] loaded module [percolator]
[2020-08-07T09:31:04,892][INFO ][o.e.p.PluginsService     ] [hHj-txf] loaded module [reindex]
[2020-08-07T09:31:04,892][INFO ][o.e.p.PluginsService     ] [hHj-txf] loaded module [transport-netty3]
[2020-08-07T09:31:04,892][INFO ][o.e.p.PluginsService     ] [hHj-txf] loaded module [transport-netty4]
[2020-08-07T09:31:04,893][INFO ][o.e.p.PluginsService     ] [hHj-txf] no plugins loaded
[2020-08-07T09:31:11,199][INFO ][o.e.d.DiscoveryModule    ] [hHj-txf] using discovery type [zen]
[2020-08-07T09:31:12,851][INFO ][o.e.n.Node               ] initialized
[2020-08-07T09:31:12,857][INFO ][o.e.n.Node               ] [hHj-txf] starting ...
[2020-08-07T09:31:14,363][INFO ][o.e.t.TransportService   ] [hHj-txf] publish_address {127.0.0.1:9300}, bound_addresses {127.0.0.1:9300}, {[::1]:9300}
[2020-08-07T09:31:17,549][INFO ][o.e.c.s.ClusterService   ] [hHj-txf] new_master {hHj-txf}{hHj-txf9QGabFfsXAWjKpw}{rYfx8NLeQ9SU7rw98INFIg}{127.0.0.1}{127.0.0.1:9300}, reason: zen-disco-elected-as-master ([0] nodes joined)
[2020-08-07T09:31:18,368][INFO ][o.e.g.GatewayService     ] [hHj-txf] recovered [1] indices into cluster_state
[2020-08-07T09:31:19,376][INFO ][o.e.h.n.Netty4HttpServerTransport] [hHj-txf] publish_address {127.0.0.1:9200}, bound_addresses {127.0.0.1:9200}, {[::1]:9200}
[2020-08-07T09:31:19,376][INFO ][o.e.n.Node               ] [hHj-txf] started
[2020-08-07T09:31:20,262][INFO ][o.e.c.r.a.AllocationService] [hHj-txf] Cluster health status changed from [RED] to [YELLOW] (reason: [shards started [[product_suggest][4]] ...]).
[2020-08-07T09:32:32,329][INFO ][o.e.c.m.MetaDataDeleteIndexService] [hHj-txf] [product_suggest/4lPepA8EQuCB2vm2WLIE3w] deleting index
[2020-08-07T09:32:32,411][DEBUG][o.e.a.s.TransportSearchAction] [hHj-txf] All shards failed for phase: [query]
[2020-08-07T09:32:32,432][WARN ][r.suppressed             ] path: /product_suggest/_search, params: {index=product_suggest}
org.elasticsearch.action.search.SearchPhaseExecutionException: all shards failed
	at org.elasticsearch.action.search.AbstractSearchAsyncAction.onPhaseFailure(AbstractSearchAsyncAction.java:272) [elasticsearch-5.6.0.jar:5.6.0]
	at org.elasticsearch.action.search.AbstractSearchAsyncAction.executeNextPhase(AbstractSearchAsyncAction.java:130) [elasticsearch-5.6.0.jar:5.6.0]
	at org.elasticsearch.action.search.AbstractSearchAsyncAction.onPhaseDone(AbstractSearchAsyncAction.java:241) [elasticsearch-5.6.0.jar:5.6.0]
	at org.elasticsearch.action.search.InitialSearchPhase.onShardFailure(InitialSearchPhase.java:90) [elasticsearch-5.6.0.jar:5.6.0]
	at org.elasticsearch.action.search.InitialSearchPhase.access$100(InitialSearchPhase.java:46) [elasticsearch-5.6.0.jar:5.6.0]
	at org.elasticsearch.action.search.InitialSearchPhase$1.onFailure(InitialSearchPhase.java:169) [elasticsearch-5.6.0.jar:5.6.0]
	at org.elasticsearch.action.ActionListenerResponseHandler.handleException(ActionListenerResponseHandler.java:51) [elasticsearch-5.6.0.jar:5.6.0]
	at org.elasticsearch.transport.TransportService$ContextRestoreResponseHandler.handleException(TransportService.java:1067) [elasticsearch-5.6.0.jar:5.6.0]
	at org.elasticsearch.transport.TransportService$DirectResponseChannel.processException(TransportService.java:1171) [elasticsearch-5.6.0.jar:5.6.0]
	at org.elasticsearch.transport.TransportService$DirectResponseChannel.sendResponse(TransportService.java:1149) [elasticsearch-5.6.0.jar:5.6.0]
	at org.elasticsearch.transport.TransportService$7.onFailure(TransportService.java:655) [elasticsearch-5.6.0.jar:5.6.0]
	at org.elasticsearch.common.util.concurrent.ThreadContext$ContextPreservingAbstractRunnable.onFailure(ThreadContext.java:623) [elasticsearch-5.6.0.jar:5.6.0]
	at org.elasticsearch.common.util.concurrent.AbstractRunnable.run(AbstractRunnable.java:39) [elasticsearch-5.6.0.jar:5.6.0]
	at java.util.concurrent.ThreadPoolExecutor.runWorker(Unknown Source) [?:1.8.0_261]
	at java.util.concurrent.ThreadPoolExecutor$Worker.run(Unknown Source) [?:1.8.0_261]
	at java.lang.Thread.run(Unknown Source) [?:1.8.0_261]
[2020-08-07T09:32:33,341][INFO ][o.e.c.m.MetaDataCreateIndexService] [hHj-txf] [product_suggest] creating index, cause [api], templates [], shards [5]/[1], mappings [productes]
[2020-08-07T09:32:35,912][INFO ][o.e.c.m.MetaDataDeleteIndexService] [hHj-txf] [product_suggest/fr7yxFkGQV2DorfUMQcNXQ] deleting index
[2020-08-07T09:32:37,024][INFO ][o.e.c.m.MetaDataCreateIndexService] [hHj-txf] [product_suggest] creating index, cause [api], templates [], shards [5]/[1], mappings [productes]
[2020-08-07T09:32:41,529][INFO ][o.e.c.m.MetaDataDeleteIndexService] [hHj-txf] [product_suggest/pPzLSzfzRgKDOFv-Yez0Qg] deleting index
[2020-08-07T09:32:43,618][DEBUG][o.e.a.s.TransportSearchAction] [hHj-txf] All shards failed for phase: [query]
[2020-08-07T09:32:43,624][WARN ][r.suppressed             ] path: /product_suggest/_search, params: {index=product_suggest}
org.elasticsearch.action.search.SearchPhaseExecutionException: all shards failed
	at org.elasticsearch.action.search.AbstractSearchAsyncAction.onPhaseFailure(AbstractSearchAsyncAction.java:272) [elasticsearch-5.6.0.jar:5.6.0]
	at org.elasticsearch.action.search.AbstractSearchAsyncAction.executeNextPhase(AbstractSearchAsyncAction.java:130) [elasticsearch-5.6.0.jar:5.6.0]
	at org.elasticsearch.action.search.AbstractSearchAsyncAction.onPhaseDone(AbstractSearchAsyncAction.java:241) [elasticsearch-5.6.0.jar:5.6.0]
	at org.elasticsearch.action.search.InitialSearchPhase.onShardFailure(InitialSearchPhase.java:90) [elasticsearch-5.6.0.jar:5.6.0]
	at org.elasticsearch.action.search.InitialSearchPhase.access$100(InitialSearchPhase.java:46) [elasticsearch-5.6.0.jar:5.6.0]
	at org.elasticsearch.action.search.InitialSearchPhase$1.onFailure(InitialSearchPhase.java:169) [elasticsearch-5.6.0.jar:5.6.0]
	at org.elasticsearch.action.ActionListenerResponseHandler.handleException(ActionListenerResponseHandler.java:51) [elasticsearch-5.6.0.jar:5.6.0]
	at org.elasticsearch.transport.TransportService$ContextRestoreResponseHandler.handleException(TransportService.java:1067) [elasticsearch-5.6.0.jar:5.6.0]
	at org.elasticsearch.transport.TransportService$DirectResponseChannel.processException(TransportService.java:1171) [elasticsearch-5.6.0.jar:5.6.0]
	at org.elasticsearch.transport.TransportService$DirectResponseChannel.sendResponse(TransportService.java:1149) [elasticsearch-5.6.0.jar:5.6.0]
	at org.elasticsearch.transport.TransportService$7.onFailure(TransportService.java:655) [elasticsearch-5.6.0.jar:5.6.0]
	at org.elasticsearch.common.util.concurrent.ThreadContext$ContextPreservingAbstractRunnable.onFailure(ThreadContext.java:623) [elasticsearch-5.6.0.jar:5.6.0]
	at org.elasticsearch.common.util.concurrent.AbstractRunnable.run(AbstractRunnable.java:39) [elasticsearch-5.6.0.jar:5.6.0]
	at java.util.concurrent.ThreadPoolExecutor.runWorker(Unknown Source) [?:1.8.0_261]
	at java.util.concurrent.ThreadPoolExecutor$Worker.run(Unknown Source) [?:1.8.0_261]
	at java.lang.Thread.run(Unknown Source) [?:1.8.0_261]
[2020-08-07T09:32:45,259][INFO ][o.e.c.m.MetaDataCreateIndexService] [hHj-txf] [product_suggest] creating index, cause [api], templates [], shards [5]/[1], mappings [productes]
[2020-08-07T09:32:45,402][WARN ][o.e.a.b.TransportShardBulkAction] [hHj-txf] unexpected error during the primary phase for action [indices:data/write/bulk[s]], request [BulkShardRequest [[product_suggest][0]] containing [543] requests]
org.elasticsearch.index.IndexNotFoundException: no such index
	at org.elasticsearch.cluster.routing.RoutingTable.shardRoutingTable(RoutingTable.java:137) ~[elasticsearch-5.6.0.jar:5.6.0]
	at org.elasticsearch.action.support.replication.TransportReplicationAction$ReroutePhase.primary(TransportReplicationAction.java:745) ~[elasticsearch-5.6.0.jar:5.6.0]
	at org.elasticsearch.action.support.replication.TransportReplicationAction$ReroutePhase.doRun(TransportReplicationAction.java:680) ~[elasticsearch-5.6.0.jar:5.6.0]
	at org.elasticsearch.common.util.concurrent.AbstractRunnable.run(AbstractRunnable.java:37) ~[elasticsearch-5.6.0.jar:5.6.0]
	at org.elasticsearch.action.support.replication.TransportReplicationAction$ReroutePhase$2.onNewClusterState(TransportReplicationAction.java:835) ~[elasticsearch-5.6.0.jar:5.6.0]
	at org.elasticsearch.cluster.ClusterStateObserver$ContextPreservingListener.onNewClusterState(ClusterStateObserver.java:297) ~[elasticsearch-5.6.0.jar:5.6.0]
	at org.elasticsearch.cluster.ClusterStateObserver$ObserverClusterStateListener.clusterChanged(ClusterStateObserver.java:185) ~[elasticsearch-5.6.0.jar:5.6.0]
	at org.elasticsearch.cluster.service.ClusterService.lambda$publishAndApplyChanges$7(ClusterService.java:777) ~[elasticsearch-5.6.0.jar:5.6.0]
	at java.util.concurrent.ConcurrentHashMap$KeySpliterator.forEachRemaining(Unknown Source) [?:1.8.0_261]
	at java.util.stream.Streams$ConcatSpliterator.forEachRemaining(Unknown Source) [?:1.8.0_261]
	at java.util.stream.ReferencePipeline$Head.forEach(Unknown Source) [?:1.8.0_261]
	at org.elasticsearch.cluster.service.ClusterService.publishAndApplyChanges(ClusterService.java:774) [elasticsearch-5.6.0.jar:5.6.0]
	at org.elasticsearch.cluster.service.ClusterService.runTasks(ClusterService.java:587) [elasticsearch-5.6.0.jar:5.6.0]
	at org.elasticsearch.cluster.service.ClusterService$ClusterServiceTaskBatcher.run(ClusterService.java:263) [elasticsearch-5.6.0.jar:5.6.0]
	at org.elasticsearch.cluster.service.TaskBatcher.runIfNotProcessed(TaskBatcher.java:150) [elasticsearch-5.6.0.jar:5.6.0]
	at org.elasticsearch.cluster.service.TaskBatcher$BatchedTask.run(TaskBatcher.java:188) [elasticsearch-5.6.0.jar:5.6.0]
	at org.elasticsearch.common.util.concurrent.ThreadContext$ContextPreservingRunnable.run(ThreadContext.java:569) [elasticsearch-5.6.0.jar:5.6.0]
	at org.elasticsearch.common.util.concurrent.PrioritizedEsThreadPoolExecutor$TieBreakingPrioritizedRunnable.runAndClean(PrioritizedEsThreadPoolExecutor.java:247) [elasticsearch-5.6.0.jar:5.6.0]
	at org.elasticsearch.common.util.concurrent.PrioritizedEsThreadPoolExecutor$TieBreakingPrioritizedRunnable.run(PrioritizedEsThreadPoolExecutor.java:210) [elasticsearch-5.6.0.jar:5.6.0]
	at java.util.concurrent.ThreadPoolExecutor.runWorker(Unknown Source) [?:1.8.0_261]
	at java.util.concurrent.ThreadPoolExecutor$Worker.run(Unknown Source) [?:1.8.0_261]
	at java.lang.Thread.run(Unknown Source) [?:1.8.0_261]
[2020-08-07T09:32:45,435][WARN ][o.e.a.b.TransportShardBulkAction] [hHj-txf] unexpected error during the primary phase for action [indices:data/write/bulk[s]], request [BulkShardRequest [[product_suggest][3]] containing [496] requests]
org.elasticsearch.index.IndexNotFoundException: no such index
	at org.elasticsearch.cluster.routing.RoutingTable.shardRoutingTable(RoutingTable.java:137) ~[elasticsearch-5.6.0.jar:5.6.0]
	at org.elasticsearch.action.support.replication.TransportReplicationAction$ReroutePhase.primary(TransportReplicationAction.java:745) ~[elasticsearch-5.6.0.jar:5.6.0]
	at org.elasticsearch.action.support.replication.TransportReplicationAction$ReroutePhase.doRun(TransportReplicationAction.java:680) ~[elasticsearch-5.6.0.jar:5.6.0]
	at org.elasticsearch.common.util.concurrent.AbstractRunnable.run(AbstractRunnable.java:37) ~[elasticsearch-5.6.0.jar:5.6.0]
	at org.elasticsearch.action.support.replication.TransportReplicationAction$ReroutePhase$2.onNewClusterState(TransportReplicationAction.java:835) ~[elasticsearch-5.6.0.jar:5.6.0]
	at org.elasticsearch.cluster.ClusterStateObserver$ContextPreservingListener.onNewClusterState(ClusterStateObserver.java:297) ~[elasticsearch-5.6.0.jar:5.6.0]
	at org.elasticsearch.cluster.ClusterStateObserver$ObserverClusterStateListener.clusterChanged(ClusterStateObserver.java:185) ~[elasticsearch-5.6.0.jar:5.6.0]
	at org.elasticsearch.cluster.service.ClusterService.lambda$publishAndApplyChanges$7(ClusterService.java:777) ~[elasticsearch-5.6.0.jar:5.6.0]
	at java.util.concurrent.ConcurrentHashMap$KeySpliterator.forEachRemaining(Unknown Source) [?:1.8.0_261]
	at java.util.stream.Streams$ConcatSpliterator.forEachRemaining(Unknown Source) [?:1.8.0_261]
	at java.util.stream.ReferencePipeline$Head.forEach(Unknown Source) [?:1.8.0_261]
	at org.elasticsearch.cluster.service.ClusterService.publishAndApplyChanges(ClusterService.java:774) [elasticsearch-5.6.0.jar:5.6.0]
	at org.elasticsearch.cluster.service.ClusterService.runTasks(ClusterService.java:587) [elasticsearch-5.6.0.jar:5.6.0]
	at org.elasticsearch.cluster.service.ClusterService$ClusterServiceTaskBatcher.run(ClusterService.java:263) [elasticsearch-5.6.0.jar:5.6.0]
	at org.elasticsearch.cluster.service.TaskBatcher.runIfNotProcessed(TaskBatcher.java:150) [elasticsearch-5.6.0.jar:5.6.0]
	at org.elasticsearch.cluster.service.TaskBatcher$BatchedTask.run(TaskBatcher.java:188) [elasticsearch-5.6.0.jar:5.6.0]
	at org.elasticsearch.common.util.concurrent.ThreadContext$ContextPreservingRunnable.run(ThreadContext.java:569) [elasticsearch-5.6.0.jar:5.6.0]
	at org.elasticsearch.common.util.concurrent.PrioritizedEsThreadPoolExecutor$TieBreakingPrioritizedRunnable.runAndClean(PrioritizedEsThreadPoolExecutor.java:247) [elasticsearch-5.6.0.jar:5.6.0]
	at org.elasticsearch.common.util.concurrent.PrioritizedEsThreadPoolExecutor$TieBreakingPrioritizedRunnable.run(PrioritizedEsThreadPoolExecutor.java:210) [elasticsearch-5.6.0.jar:5.6.0]
	at java.util.concurrent.ThreadPoolExecutor.runWorker(Unknown Source) [?:1.8.0_261]
	at java.util.concurrent.ThreadPoolExecutor$Worker.run(Unknown Source) [?:1.8.0_261]
	at java.lang.Thread.run(Unknown Source) [?:1.8.0_261]
[2020-08-07T09:44:02,445][INFO ][o.e.c.m.MetaDataDeleteIndexService] [hHj-txf] [product_suggest/13R-IXipR3-bF9ckwkx2Cw] deleting index
[2020-08-07T09:44:03,001][INFO ][o.e.c.m.MetaDataCreateIndexService] [hHj-txf] [product_suggest] creating index, cause [api], templates [], shards [5]/[1], mappings [productes]
[2020-08-07T09:50:10,125][INFO ][o.e.c.m.MetaDataDeleteIndexService] [hHj-txf] [product_suggest/SxnwymwiTAecAMIidkbU1g] deleting index
[2020-08-07T09:50:10,832][INFO ][o.e.c.m.MetaDataCreateIndexService] [hHj-txf] [product_suggest] creating index, cause [api], templates [], shards [5]/[1], mappings [productes]
[2020-08-07T09:50:12,202][INFO ][o.e.c.m.MetaDataDeleteIndexService] [hHj-txf] [product_suggest/dzhDd5fuR-aqPVkHmP0IBw] deleting index
[2020-08-07T09:50:14,030][DEBUG][o.e.a.s.TransportSearchAction] [hHj-txf] All shards failed for phase: [query]
[2020-08-07T09:50:14,045][WARN ][r.suppressed             ] path: /product_suggest/_search, params: {index=product_suggest}
org.elasticsearch.action.search.SearchPhaseExecutionException: all shards failed
	at org.elasticsearch.action.search.AbstractSearchAsyncAction.onPhaseFailure(AbstractSearchAsyncAction.java:272) [elasticsearch-5.6.0.jar:5.6.0]
	at org.elasticsearch.action.search.AbstractSearchAsyncAction.executeNextPhase(AbstractSearchAsyncAction.java:130) [elasticsearch-5.6.0.jar:5.6.0]
	at org.elasticsearch.action.search.AbstractSearchAsyncAction.onPhaseDone(AbstractSearchAsyncAction.java:241) [elasticsearch-5.6.0.jar:5.6.0]
	at org.elasticsearch.action.search.InitialSearchPhase.onShardFailure(InitialSearchPhase.java:90) [elasticsearch-5.6.0.jar:5.6.0]
	at org.elasticsearch.action.search.InitialSearchPhase.access$100(InitialSearchPhase.java:46) [elasticsearch-5.6.0.jar:5.6.0]
	at org.elasticsearch.action.search.InitialSearchPhase$1.onFailure(InitialSearchPhase.java:169) [elasticsearch-5.6.0.jar:5.6.0]
	at org.elasticsearch.action.ActionListenerResponseHandler.handleException(ActionListenerResponseHandler.java:51) [elasticsearch-5.6.0.jar:5.6.0]
	at org.elasticsearch.transport.TransportService$ContextRestoreResponseHandler.handleException(TransportService.java:1067) [elasticsearch-5.6.0.jar:5.6.0]
	at org.elasticsearch.transport.TransportService$DirectResponseChannel.processException(TransportService.java:1171) [elasticsearch-5.6.0.jar:5.6.0]
	at org.elasticsearch.transport.TransportService$DirectResponseChannel.sendResponse(TransportService.java:1149) [elasticsearch-5.6.0.jar:5.6.0]
	at org.elasticsearch.transport.TransportService$7.onFailure(TransportService.java:655) [elasticsearch-5.6.0.jar:5.6.0]
	at org.elasticsearch.common.util.concurrent.ThreadContext$ContextPreservingAbstractRunnable.onFailure(ThreadContext.java:623) [elasticsearch-5.6.0.jar:5.6.0]
	at org.elasticsearch.common.util.concurrent.AbstractRunnable.run(AbstractRunnable.java:39) [elasticsearch-5.6.0.jar:5.6.0]
	at java.util.concurrent.ThreadPoolExecutor.runWorker(Unknown Source) [?:1.8.0_261]
	at java.util.concurrent.ThreadPoolExecutor$Worker.run(Unknown Source) [?:1.8.0_261]
	at java.lang.Thread.run(Unknown Source) [?:1.8.0_261]
[2020-08-07T09:50:14,920][INFO ][o.e.c.m.MetaDataCreateIndexService] [hHj-txf] [product_suggest] creating index, cause [api], templates [], shards [5]/[1], mappings [productes]
