[2020-07-31T10:52:08,510][INFO ][o.e.n.Node               ] [] initializing ...
[2020-07-31T10:52:08,868][INFO ][o.e.e.NodeEnvironment    ] [hHj-txf] using [1] data paths, mounts [[Elements (E:)]], net usable_space [309.9gb], net total_space [465.7gb], spins? [unknown], types [NTFS]
[2020-07-31T10:52:08,868][INFO ][o.e.e.NodeEnvironment    ] [hHj-txf] heap size [1.9gb], compressed ordinary object pointers [true]
[2020-07-31T10:52:09,475][INFO ][o.e.n.Node               ] node name [hHj-txf] derived from node ID [hHj-txf9QGabFfsXAWjKpw]; set [node.name] to override
[2020-07-31T10:52:09,478][INFO ][o.e.n.Node               ] version[5.6.0], pid[14564], build[781a835/2017-09-07T03:09:58.087Z], OS[Windows 10/10.0/amd64], JVM[Oracle Corporation/Java HotSpot(TM) 64-Bit Server VM/1.8.0_261/25.261-b12]
[2020-07-31T10:52:09,482][INFO ][o.e.n.Node               ] JVM arguments [-Xms2g, -Xmx2g, -XX:+UseConcMarkSweepGC, -XX:CMSInitiatingOccupancyFraction=75, -XX:+UseCMSInitiatingOccupancyOnly, -XX:+AlwaysPreTouch, -Xss1m, -Djava.awt.headless=true, -Dfile.encoding=UTF-8, -Djna.nosys=true, -Djdk.io.permissionsUseCanonicalPath=true, -Dio.netty.noUnsafe=true, -Dio.netty.noKeySetOptimization=true, -Dio.netty.recycler.maxCapacityPerThread=0, -Dlog4j.shutdownHookEnabled=false, -Dlog4j2.disable.jmx=true, -Dlog4j.skipJansi=true, -XX:+HeapDumpOnOutOfMemoryError, -Delasticsearch, -Des.path.home=E:\DuAn\vnetcore\elasticsearch-5.6.0]
[2020-07-31T10:52:18,792][INFO ][o.e.p.PluginsService     ] [hHj-txf] loaded module [aggs-matrix-stats]
[2020-07-31T10:52:18,793][INFO ][o.e.p.PluginsService     ] [hHj-txf] loaded module [ingest-common]
[2020-07-31T10:52:18,793][INFO ][o.e.p.PluginsService     ] [hHj-txf] loaded module [lang-expression]
[2020-07-31T10:52:18,793][INFO ][o.e.p.PluginsService     ] [hHj-txf] loaded module [lang-groovy]
[2020-07-31T10:52:18,793][INFO ][o.e.p.PluginsService     ] [hHj-txf] loaded module [lang-mustache]
[2020-07-31T10:52:18,794][INFO ][o.e.p.PluginsService     ] [hHj-txf] loaded module [lang-painless]
[2020-07-31T10:52:18,794][INFO ][o.e.p.PluginsService     ] [hHj-txf] loaded module [parent-join]
[2020-07-31T10:52:18,794][INFO ][o.e.p.PluginsService     ] [hHj-txf] loaded module [percolator]
[2020-07-31T10:52:18,795][INFO ][o.e.p.PluginsService     ] [hHj-txf] loaded module [reindex]
[2020-07-31T10:52:18,795][INFO ][o.e.p.PluginsService     ] [hHj-txf] loaded module [transport-netty3]
[2020-07-31T10:52:18,795][INFO ][o.e.p.PluginsService     ] [hHj-txf] loaded module [transport-netty4]
[2020-07-31T10:52:18,796][INFO ][o.e.p.PluginsService     ] [hHj-txf] no plugins loaded
[2020-07-31T10:52:26,874][INFO ][o.e.d.DiscoveryModule    ] [hHj-txf] using discovery type [zen]
[2020-07-31T10:52:29,092][INFO ][o.e.n.Node               ] initialized
[2020-07-31T10:52:29,106][INFO ][o.e.n.Node               ] [hHj-txf] starting ...
[2020-07-31T10:52:32,724][INFO ][o.e.t.TransportService   ] [hHj-txf] publish_address {127.0.0.1:9300}, bound_addresses {127.0.0.1:9300}, {[::1]:9300}
[2020-07-31T10:52:36,005][INFO ][o.e.c.s.ClusterService   ] [hHj-txf] new_master {hHj-txf}{hHj-txf9QGabFfsXAWjKpw}{RNpr8y2mSaujUggu-fZbaQ}{127.0.0.1}{127.0.0.1:9300}, reason: zen-disco-elected-as-master ([0] nodes joined)
[2020-07-31T10:52:36,824][INFO ][o.e.g.GatewayService     ] [hHj-txf] recovered [1] indices into cluster_state
[2020-07-31T10:52:38,533][INFO ][o.e.c.r.a.AllocationService] [hHj-txf] Cluster health status changed from [RED] to [YELLOW] (reason: [shards started [[product_suggest][1]] ...]).
[2020-07-31T10:52:38,589][INFO ][o.e.h.n.Netty4HttpServerTransport] [hHj-txf] publish_address {127.0.0.1:9200}, bound_addresses {127.0.0.1:9200}, {[::1]:9200}
[2020-07-31T10:52:38,590][INFO ][o.e.n.Node               ] [hHj-txf] started
[2020-07-31T10:53:34,362][INFO ][o.e.c.m.MetaDataDeleteIndexService] [hHj-txf] [product_suggest/7rT5Mt9SSUa7eML3CF69zQ] deleting index
[2020-07-31T10:53:35,902][INFO ][o.e.c.m.MetaDataCreateIndexService] [hHj-txf] [product_suggest] creating index, cause [api], templates [], shards [5]/[1], mappings [productes]
[2020-07-31T11:36:30,566][INFO ][o.e.c.m.MetaDataDeleteIndexService] [hHj-txf] [product_suggest/UJXhKcSURSKCGIQ16c7K4w] deleting index
[2020-07-31T11:36:30,948][INFO ][o.e.c.m.MetaDataCreateIndexService] [hHj-txf] [product_suggest] creating index, cause [api], templates [], shards [5]/[1], mappings [productes]
[2020-07-31T11:43:52,269][INFO ][o.e.c.m.MetaDataDeleteIndexService] [hHj-txf] [product_suggest/_GohuW74QbWAldz8v6klAw] deleting index
[2020-07-31T11:43:52,693][INFO ][o.e.c.m.MetaDataCreateIndexService] [hHj-txf] [product_suggest] creating index, cause [api], templates [], shards [5]/[1], mappings [productes]
[2020-07-31T11:50:51,085][INFO ][o.e.c.m.MetaDataDeleteIndexService] [hHj-txf] [product_suggest/-Tcblp5_Tsev8y1_BoHoLA] deleting index
[2020-07-31T11:50:52,073][INFO ][o.e.c.m.MetaDataCreateIndexService] [hHj-txf] [product_suggest] creating index, cause [api], templates [], shards [5]/[1], mappings [productes]
[2020-07-31T11:51:00,630][INFO ][o.e.c.m.MetaDataDeleteIndexService] [hHj-txf] [product_suggest/ket6ueFNSB2sPzi0sGp5pg] deleting index
[2020-07-31T11:51:00,767][INFO ][o.e.c.m.MetaDataCreateIndexService] [hHj-txf] [product_suggest] creating index, cause [api], templates [], shards [5]/[1], mappings [productes]
[2020-07-31T11:53:14,616][INFO ][o.e.c.m.MetaDataDeleteIndexService] [hHj-txf] [product_suggest/uZSKc99-STK0S7OHr96fmA] deleting index
[2020-07-31T11:53:15,439][INFO ][o.e.c.m.MetaDataCreateIndexService] [hHj-txf] [product_suggest] creating index, cause [api], templates [], shards [5]/[1], mappings [productes]
[2020-07-31T11:53:20,204][INFO ][o.e.c.m.MetaDataDeleteIndexService] [hHj-txf] [product_suggest/o8XxEH2VRDOVDKo_c3hekg] deleting index
[2020-07-31T11:53:20,332][INFO ][o.e.c.m.MetaDataCreateIndexService] [hHj-txf] [product_suggest] creating index, cause [api], templates [], shards [5]/[1], mappings [productes]
[2020-07-31T11:55:32,961][INFO ][o.e.c.m.MetaDataDeleteIndexService] [hHj-txf] [product_suggest/kHZieSiqQRKRlS--V2kF0g] deleting index
[2020-07-31T11:55:33,194][DEBUG][o.e.a.a.i.d.TransportDeleteIndexAction] [hHj-txf] failed to delete indices [[[product_suggest/kHZieSiqQRKRlS--V2kF0g]]]
org.elasticsearch.index.IndexNotFoundException: no such index
	at org.elasticsearch.cluster.metadata.MetaData.getIndexSafe(MetaData.java:473) ~[elasticsearch-5.6.0.jar:5.6.0]
	at org.elasticsearch.cluster.metadata.MetaDataDeleteIndexService.lambda$deleteIndices$0(MetaDataDeleteIndexService.java:89) ~[elasticsearch-5.6.0.jar:5.6.0]
	at java.util.stream.ReferencePipeline$3$1.accept(Unknown Source) ~[?:1.8.0_261]
	at java.util.HashMap$KeySpliterator.forEachRemaining(Unknown Source) ~[?:1.8.0_261]
	at java.util.stream.AbstractPipeline.copyInto(Unknown Source) ~[?:1.8.0_261]
	at java.util.stream.AbstractPipeline.wrapAndCopyInto(Unknown Source) ~[?:1.8.0_261]
	at java.util.stream.ReduceOps$ReduceOp.evaluateSequential(Unknown Source) ~[?:1.8.0_261]
	at java.util.stream.AbstractPipeline.evaluate(Unknown Source) ~[?:1.8.0_261]
	at java.util.stream.ReferencePipeline.collect(Unknown Source) ~[?:1.8.0_261]
	at org.elasticsearch.cluster.metadata.MetaDataDeleteIndexService.deleteIndices(MetaDataDeleteIndexService.java:89) ~[elasticsearch-5.6.0.jar:5.6.0]
	at org.elasticsearch.cluster.metadata.MetaDataDeleteIndexService$1.execute(MetaDataDeleteIndexService.java:79) ~[elasticsearch-5.6.0.jar:5.6.0]
	at org.elasticsearch.cluster.ClusterStateUpdateTask.execute(ClusterStateUpdateTask.java:45) ~[elasticsearch-5.6.0.jar:5.6.0]
	at org.elasticsearch.cluster.service.ClusterService.executeTasks(ClusterService.java:634) ~[elasticsearch-5.6.0.jar:5.6.0]
	at org.elasticsearch.cluster.service.ClusterService.calculateTaskOutputs(ClusterService.java:612) ~[elasticsearch-5.6.0.jar:5.6.0]
	at org.elasticsearch.cluster.service.ClusterService.runTasks(ClusterService.java:571) [elasticsearch-5.6.0.jar:5.6.0]
	at org.elasticsearch.cluster.service.ClusterService$ClusterServiceTaskBatcher.run(ClusterService.java:263) [elasticsearch-5.6.0.jar:5.6.0]
	at org.elasticsearch.cluster.service.TaskBatcher.runIfNotProcessed(TaskBatcher.java:150) [elasticsearch-5.6.0.jar:5.6.0]
	at org.elasticsearch.cluster.service.TaskBatcher$BatchedTask.run(TaskBatcher.java:188) [elasticsearch-5.6.0.jar:5.6.0]
	at org.elasticsearch.common.util.concurrent.ThreadContext$ContextPreservingRunnable.run(ThreadContext.java:569) [elasticsearch-5.6.0.jar:5.6.0]
	at org.elasticsearch.common.util.concurrent.PrioritizedEsThreadPoolExecutor$TieBreakingPrioritizedRunnable.runAndClean(PrioritizedEsThreadPoolExecutor.java:247) [elasticsearch-5.6.0.jar:5.6.0]
	at org.elasticsearch.common.util.concurrent.PrioritizedEsThreadPoolExecutor$TieBreakingPrioritizedRunnable.run(PrioritizedEsThreadPoolExecutor.java:210) [elasticsearch-5.6.0.jar:5.6.0]
	at java.util.concurrent.ThreadPoolExecutor.runWorker(Unknown Source) [?:1.8.0_261]
	at java.util.concurrent.ThreadPoolExecutor$Worker.run(Unknown Source) [?:1.8.0_261]
	at java.lang.Thread.run(Unknown Source) [?:1.8.0_261]
[2020-07-31T11:55:33,366][INFO ][o.e.c.m.MetaDataCreateIndexService] [hHj-txf] [product_suggest] creating index, cause [api], templates [], shards [5]/[1], mappings [productes]
[2020-07-31T11:57:25,069][INFO ][o.e.c.m.MetaDataDeleteIndexService] [hHj-txf] [product_suggest/_CseoZPtRpK4LZeizDjtZQ] deleting index
[2020-07-31T11:57:25,263][DEBUG][o.e.a.a.i.d.TransportDeleteIndexAction] [hHj-txf] failed to delete indices [[[product_suggest/_CseoZPtRpK4LZeizDjtZQ]]]
org.elasticsearch.index.IndexNotFoundException: no such index
	at org.elasticsearch.cluster.metadata.MetaData.getIndexSafe(MetaData.java:473) ~[elasticsearch-5.6.0.jar:5.6.0]
	at org.elasticsearch.cluster.metadata.MetaDataDeleteIndexService.lambda$deleteIndices$0(MetaDataDeleteIndexService.java:89) ~[elasticsearch-5.6.0.jar:5.6.0]
	at java.util.stream.ReferencePipeline$3$1.accept(Unknown Source) ~[?:1.8.0_261]
	at java.util.HashMap$KeySpliterator.forEachRemaining(Unknown Source) ~[?:1.8.0_261]
	at java.util.stream.AbstractPipeline.copyInto(Unknown Source) ~[?:1.8.0_261]
	at java.util.stream.AbstractPipeline.wrapAndCopyInto(Unknown Source) ~[?:1.8.0_261]
	at java.util.stream.ReduceOps$ReduceOp.evaluateSequential(Unknown Source) ~[?:1.8.0_261]
	at java.util.stream.AbstractPipeline.evaluate(Unknown Source) ~[?:1.8.0_261]
	at java.util.stream.ReferencePipeline.collect(Unknown Source) ~[?:1.8.0_261]
	at org.elasticsearch.cluster.metadata.MetaDataDeleteIndexService.deleteIndices(MetaDataDeleteIndexService.java:89) ~[elasticsearch-5.6.0.jar:5.6.0]
	at org.elasticsearch.cluster.metadata.MetaDataDeleteIndexService$1.execute(MetaDataDeleteIndexService.java:79) ~[elasticsearch-5.6.0.jar:5.6.0]
	at org.elasticsearch.cluster.ClusterStateUpdateTask.execute(ClusterStateUpdateTask.java:45) ~[elasticsearch-5.6.0.jar:5.6.0]
	at org.elasticsearch.cluster.service.ClusterService.executeTasks(ClusterService.java:634) ~[elasticsearch-5.6.0.jar:5.6.0]
	at org.elasticsearch.cluster.service.ClusterService.calculateTaskOutputs(ClusterService.java:612) ~[elasticsearch-5.6.0.jar:5.6.0]
	at org.elasticsearch.cluster.service.ClusterService.runTasks(ClusterService.java:571) [elasticsearch-5.6.0.jar:5.6.0]
	at org.elasticsearch.cluster.service.ClusterService$ClusterServiceTaskBatcher.run(ClusterService.java:263) [elasticsearch-5.6.0.jar:5.6.0]
	at org.elasticsearch.cluster.service.TaskBatcher.runIfNotProcessed(TaskBatcher.java:150) [elasticsearch-5.6.0.jar:5.6.0]
	at org.elasticsearch.cluster.service.TaskBatcher$BatchedTask.run(TaskBatcher.java:188) [elasticsearch-5.6.0.jar:5.6.0]
	at org.elasticsearch.common.util.concurrent.ThreadContext$ContextPreservingRunnable.run(ThreadContext.java:569) [elasticsearch-5.6.0.jar:5.6.0]
	at org.elasticsearch.common.util.concurrent.PrioritizedEsThreadPoolExecutor$TieBreakingPrioritizedRunnable.runAndClean(PrioritizedEsThreadPoolExecutor.java:247) [elasticsearch-5.6.0.jar:5.6.0]
	at org.elasticsearch.common.util.concurrent.PrioritizedEsThreadPoolExecutor$TieBreakingPrioritizedRunnable.run(PrioritizedEsThreadPoolExecutor.java:210) [elasticsearch-5.6.0.jar:5.6.0]
	at java.util.concurrent.ThreadPoolExecutor.runWorker(Unknown Source) [?:1.8.0_261]
	at java.util.concurrent.ThreadPoolExecutor$Worker.run(Unknown Source) [?:1.8.0_261]
	at java.lang.Thread.run(Unknown Source) [?:1.8.0_261]
[2020-07-31T11:57:25,538][INFO ][o.e.c.m.MetaDataCreateIndexService] [hHj-txf] [product_suggest] creating index, cause [api], templates [], shards [5]/[1], mappings [productes]
[2020-07-31T14:05:04,281][INFO ][o.e.c.m.MetaDataDeleteIndexService] [hHj-txf] [product_suggest/rxl-OMgyTfyZ8YpBOGCJwQ] deleting index
[2020-07-31T14:05:04,575][DEBUG][o.e.a.a.i.d.TransportDeleteIndexAction] [hHj-txf] failed to delete indices [[[product_suggest/rxl-OMgyTfyZ8YpBOGCJwQ]]]
org.elasticsearch.index.IndexNotFoundException: no such index
	at org.elasticsearch.cluster.metadata.MetaData.getIndexSafe(MetaData.java:473) ~[elasticsearch-5.6.0.jar:5.6.0]
	at org.elasticsearch.cluster.metadata.MetaDataDeleteIndexService.lambda$deleteIndices$0(MetaDataDeleteIndexService.java:89) ~[elasticsearch-5.6.0.jar:5.6.0]
	at java.util.stream.ReferencePipeline$3$1.accept(Unknown Source) ~[?:1.8.0_261]
	at java.util.HashMap$KeySpliterator.forEachRemaining(Unknown Source) ~[?:1.8.0_261]
	at java.util.stream.AbstractPipeline.copyInto(Unknown Source) ~[?:1.8.0_261]
	at java.util.stream.AbstractPipeline.wrapAndCopyInto(Unknown Source) ~[?:1.8.0_261]
	at java.util.stream.ReduceOps$ReduceOp.evaluateSequential(Unknown Source) ~[?:1.8.0_261]
	at java.util.stream.AbstractPipeline.evaluate(Unknown Source) ~[?:1.8.0_261]
	at java.util.stream.ReferencePipeline.collect(Unknown Source) ~[?:1.8.0_261]
	at org.elasticsearch.cluster.metadata.MetaDataDeleteIndexService.deleteIndices(MetaDataDeleteIndexService.java:89) ~[elasticsearch-5.6.0.jar:5.6.0]
	at org.elasticsearch.cluster.metadata.MetaDataDeleteIndexService$1.execute(MetaDataDeleteIndexService.java:79) ~[elasticsearch-5.6.0.jar:5.6.0]
	at org.elasticsearch.cluster.ClusterStateUpdateTask.execute(ClusterStateUpdateTask.java:45) ~[elasticsearch-5.6.0.jar:5.6.0]
	at org.elasticsearch.cluster.service.ClusterService.executeTasks(ClusterService.java:634) ~[elasticsearch-5.6.0.jar:5.6.0]
	at org.elasticsearch.cluster.service.ClusterService.calculateTaskOutputs(ClusterService.java:612) ~[elasticsearch-5.6.0.jar:5.6.0]
	at org.elasticsearch.cluster.service.ClusterService.runTasks(ClusterService.java:571) [elasticsearch-5.6.0.jar:5.6.0]
	at org.elasticsearch.cluster.service.ClusterService$ClusterServiceTaskBatcher.run(ClusterService.java:263) [elasticsearch-5.6.0.jar:5.6.0]
	at org.elasticsearch.cluster.service.TaskBatcher.runIfNotProcessed(TaskBatcher.java:150) [elasticsearch-5.6.0.jar:5.6.0]
	at org.elasticsearch.cluster.service.TaskBatcher$BatchedTask.run(TaskBatcher.java:188) [elasticsearch-5.6.0.jar:5.6.0]
	at org.elasticsearch.common.util.concurrent.ThreadContext$ContextPreservingRunnable.run(ThreadContext.java:569) [elasticsearch-5.6.0.jar:5.6.0]
	at org.elasticsearch.common.util.concurrent.PrioritizedEsThreadPoolExecutor$TieBreakingPrioritizedRunnable.runAndClean(PrioritizedEsThreadPoolExecutor.java:247) [elasticsearch-5.6.0.jar:5.6.0]
	at org.elasticsearch.common.util.concurrent.PrioritizedEsThreadPoolExecutor$TieBreakingPrioritizedRunnable.run(PrioritizedEsThreadPoolExecutor.java:210) [elasticsearch-5.6.0.jar:5.6.0]
	at java.util.concurrent.ThreadPoolExecutor.runWorker(Unknown Source) [?:1.8.0_261]
	at java.util.concurrent.ThreadPoolExecutor$Worker.run(Unknown Source) [?:1.8.0_261]
	at java.lang.Thread.run(Unknown Source) [?:1.8.0_261]
[2020-07-31T14:05:05,333][INFO ][o.e.c.m.MetaDataCreateIndexService] [hHj-txf] [product_suggest] creating index, cause [api], templates [], shards [5]/[1], mappings [productes]
[2020-07-31T14:05:35,303][INFO ][o.e.c.m.MetaDataDeleteIndexService] [hHj-txf] [product_suggest/YvSuYq6ISrexQjgvNCJQ_Q] deleting index
[2020-07-31T14:05:35,844][INFO ][o.e.c.m.MetaDataCreateIndexService] [hHj-txf] [product_suggest] creating index, cause [api], templates [], shards [5]/[1], mappings [productes]
[2020-07-31T14:05:35,972][WARN ][o.e.a.b.TransportShardBulkAction] [hHj-txf] unexpected error during the primary phase for action [indices:data/write/bulk[s]], request [BulkShardRequest [[product_suggest][2]] containing [557] requests]
org.elasticsearch.index.IndexNotFoundException: no such index
	at org.elasticsearch.cluster.routing.RoutingTable.shardRoutingTable(RoutingTable.java:137) ~[elasticsearch-5.6.0.jar:5.6.0]
	at org.elasticsearch.action.support.replication.TransportReplicationAction$ReroutePhase.primary(TransportReplicationAction.java:745) ~[elasticsearch-5.6.0.jar:5.6.0]
	at org.elasticsearch.action.support.replication.TransportReplicationAction$ReroutePhase.doRun(TransportReplicationAction.java:680) ~[elasticsearch-5.6.0.jar:5.6.0]
	at org.elasticsearch.common.util.concurrent.AbstractRunnable.run(AbstractRunnable.java:37) ~[elasticsearch-5.6.0.jar:5.6.0]
	at org.elasticsearch.action.support.replication.TransportReplicationAction$ReroutePhase$2.onNewClusterState(TransportReplicationAction.java:835) ~[elasticsearch-5.6.0.jar:5.6.0]
	at org.elasticsearch.cluster.ClusterStateObserver$ContextPreservingListener.onNewClusterState(ClusterStateObserver.java:297) ~[elasticsearch-5.6.0.jar:5.6.0]
	at org.elasticsearch.cluster.ClusterStateObserver$ObserverClusterStateListener.clusterChanged(ClusterStateObserver.java:185) ~[elasticsearch-5.6.0.jar:5.6.0]
	at org.elasticsearch.cluster.service.ClusterService.lambda$publishAndApplyChanges$7(ClusterService.java:777) ~[elasticsearch-5.6.0.jar:5.6.0]
	at java.util.concurrent.ConcurrentHashMap$KeySpliterator.forEachRemaining(Unknown Source) [?:1.8.0_261]
	at java.util.stream.Streams$ConcatSpliterator.forEachRemaining(Unknown Source) [?:1.8.0_261]
	at java.util.stream.ReferencePipeline$Head.forEach(Unknown Source) [?:1.8.0_261]
	at org.elasticsearch.cluster.service.ClusterService.publishAndApplyChanges(ClusterService.java:774) [elasticsearch-5.6.0.jar:5.6.0]
	at org.elasticsearch.cluster.service.ClusterService.runTasks(ClusterService.java:587) [elasticsearch-5.6.0.jar:5.6.0]
	at org.elasticsearch.cluster.service.ClusterService$ClusterServiceTaskBatcher.run(ClusterService.java:263) [elasticsearch-5.6.0.jar:5.6.0]
	at org.elasticsearch.cluster.service.TaskBatcher.runIfNotProcessed(TaskBatcher.java:150) [elasticsearch-5.6.0.jar:5.6.0]
	at org.elasticsearch.cluster.service.TaskBatcher$BatchedTask.run(TaskBatcher.java:188) [elasticsearch-5.6.0.jar:5.6.0]
	at org.elasticsearch.common.util.concurrent.ThreadContext$ContextPreservingRunnable.run(ThreadContext.java:569) [elasticsearch-5.6.0.jar:5.6.0]
	at org.elasticsearch.common.util.concurrent.PrioritizedEsThreadPoolExecutor$TieBreakingPrioritizedRunnable.runAndClean(PrioritizedEsThreadPoolExecutor.java:247) [elasticsearch-5.6.0.jar:5.6.0]
	at org.elasticsearch.common.util.concurrent.PrioritizedEsThreadPoolExecutor$TieBreakingPrioritizedRunnable.run(PrioritizedEsThreadPoolExecutor.java:210) [elasticsearch-5.6.0.jar:5.6.0]
	at java.util.concurrent.ThreadPoolExecutor.runWorker(Unknown Source) [?:1.8.0_261]
	at java.util.concurrent.ThreadPoolExecutor$Worker.run(Unknown Source) [?:1.8.0_261]
	at java.lang.Thread.run(Unknown Source) [?:1.8.0_261]
[2020-07-31T14:05:36,009][WARN ][o.e.a.b.TransportShardBulkAction] [hHj-txf] unexpected error during the primary phase for action [indices:data/write/bulk[s]], request [BulkShardRequest [[product_suggest][3]] containing [496] requests]
org.elasticsearch.index.IndexNotFoundException: no such index
	at org.elasticsearch.cluster.routing.RoutingTable.shardRoutingTable(RoutingTable.java:137) ~[elasticsearch-5.6.0.jar:5.6.0]
	at org.elasticsearch.action.support.replication.TransportReplicationAction$ReroutePhase.primary(TransportReplicationAction.java:745) ~[elasticsearch-5.6.0.jar:5.6.0]
	at org.elasticsearch.action.support.replication.TransportReplicationAction$ReroutePhase.doRun(TransportReplicationAction.java:680) ~[elasticsearch-5.6.0.jar:5.6.0]
	at org.elasticsearch.common.util.concurrent.AbstractRunnable.run(AbstractRunnable.java:37) ~[elasticsearch-5.6.0.jar:5.6.0]
	at org.elasticsearch.action.support.replication.TransportReplicationAction$ReroutePhase$2.onNewClusterState(TransportReplicationAction.java:835) ~[elasticsearch-5.6.0.jar:5.6.0]
	at org.elasticsearch.cluster.ClusterStateObserver$ContextPreservingListener.onNewClusterState(ClusterStateObserver.java:297) ~[elasticsearch-5.6.0.jar:5.6.0]
	at org.elasticsearch.cluster.ClusterStateObserver$ObserverClusterStateListener.clusterChanged(ClusterStateObserver.java:185) ~[elasticsearch-5.6.0.jar:5.6.0]
	at org.elasticsearch.cluster.service.ClusterService.lambda$publishAndApplyChanges$7(ClusterService.java:777) ~[elasticsearch-5.6.0.jar:5.6.0]
	at java.util.concurrent.ConcurrentHashMap$KeySpliterator.forEachRemaining(Unknown Source) [?:1.8.0_261]
	at java.util.stream.Streams$ConcatSpliterator.forEachRemaining(Unknown Source) [?:1.8.0_261]
	at java.util.stream.ReferencePipeline$Head.forEach(Unknown Source) [?:1.8.0_261]
	at org.elasticsearch.cluster.service.ClusterService.publishAndApplyChanges(ClusterService.java:774) [elasticsearch-5.6.0.jar:5.6.0]
	at org.elasticsearch.cluster.service.ClusterService.runTasks(ClusterService.java:587) [elasticsearch-5.6.0.jar:5.6.0]
	at org.elasticsearch.cluster.service.ClusterService$ClusterServiceTaskBatcher.run(ClusterService.java:263) [elasticsearch-5.6.0.jar:5.6.0]
	at org.elasticsearch.cluster.service.TaskBatcher.runIfNotProcessed(TaskBatcher.java:150) [elasticsearch-5.6.0.jar:5.6.0]
	at org.elasticsearch.cluster.service.TaskBatcher$BatchedTask.run(TaskBatcher.java:188) [elasticsearch-5.6.0.jar:5.6.0]
	at org.elasticsearch.common.util.concurrent.ThreadContext$ContextPreservingRunnable.run(ThreadContext.java:569) [elasticsearch-5.6.0.jar:5.6.0]
	at org.elasticsearch.common.util.concurrent.PrioritizedEsThreadPoolExecutor$TieBreakingPrioritizedRunnable.runAndClean(PrioritizedEsThreadPoolExecutor.java:247) [elasticsearch-5.6.0.jar:5.6.0]
	at org.elasticsearch.common.util.concurrent.PrioritizedEsThreadPoolExecutor$TieBreakingPrioritizedRunnable.run(PrioritizedEsThreadPoolExecutor.java:210) [elasticsearch-5.6.0.jar:5.6.0]
	at java.util.concurrent.ThreadPoolExecutor.runWorker(Unknown Source) [?:1.8.0_261]
	at java.util.concurrent.ThreadPoolExecutor$Worker.run(Unknown Source) [?:1.8.0_261]
	at java.lang.Thread.run(Unknown Source) [?:1.8.0_261]
[2020-07-31T14:05:36,013][WARN ][o.e.a.b.TransportShardBulkAction] [hHj-txf] unexpected error during the primary phase for action [indices:data/write/bulk[s]], request [BulkShardRequest [[product_suggest][0]] containing [543] requests]
org.elasticsearch.index.IndexNotFoundException: no such index
	at org.elasticsearch.cluster.routing.RoutingTable.shardRoutingTable(RoutingTable.java:137) ~[elasticsearch-5.6.0.jar:5.6.0]
	at org.elasticsearch.action.support.replication.TransportReplicationAction$ReroutePhase.primary(TransportReplicationAction.java:745) ~[elasticsearch-5.6.0.jar:5.6.0]
	at org.elasticsearch.action.support.replication.TransportReplicationAction$ReroutePhase.doRun(TransportReplicationAction.java:680) ~[elasticsearch-5.6.0.jar:5.6.0]
	at org.elasticsearch.common.util.concurrent.AbstractRunnable.run(AbstractRunnable.java:37) ~[elasticsearch-5.6.0.jar:5.6.0]
	at org.elasticsearch.action.support.replication.TransportReplicationAction$ReroutePhase$2.onNewClusterState(TransportReplicationAction.java:835) ~[elasticsearch-5.6.0.jar:5.6.0]
	at org.elasticsearch.cluster.ClusterStateObserver$ContextPreservingListener.onNewClusterState(ClusterStateObserver.java:297) ~[elasticsearch-5.6.0.jar:5.6.0]
	at org.elasticsearch.cluster.ClusterStateObserver$ObserverClusterStateListener.clusterChanged(ClusterStateObserver.java:185) ~[elasticsearch-5.6.0.jar:5.6.0]
	at org.elasticsearch.cluster.service.ClusterService.lambda$publishAndApplyChanges$7(ClusterService.java:777) ~[elasticsearch-5.6.0.jar:5.6.0]
	at java.util.concurrent.ConcurrentHashMap$KeySpliterator.forEachRemaining(Unknown Source) [?:1.8.0_261]
	at java.util.stream.Streams$ConcatSpliterator.forEachRemaining(Unknown Source) [?:1.8.0_261]
	at java.util.stream.ReferencePipeline$Head.forEach(Unknown Source) [?:1.8.0_261]
	at org.elasticsearch.cluster.service.ClusterService.publishAndApplyChanges(ClusterService.java:774) [elasticsearch-5.6.0.jar:5.6.0]
	at org.elasticsearch.cluster.service.ClusterService.runTasks(ClusterService.java:587) [elasticsearch-5.6.0.jar:5.6.0]
	at org.elasticsearch.cluster.service.ClusterService$ClusterServiceTaskBatcher.run(ClusterService.java:263) [elasticsearch-5.6.0.jar:5.6.0]
	at org.elasticsearch.cluster.service.TaskBatcher.runIfNotProcessed(TaskBatcher.java:150) [elasticsearch-5.6.0.jar:5.6.0]
	at org.elasticsearch.cluster.service.TaskBatcher$BatchedTask.run(TaskBatcher.java:188) [elasticsearch-5.6.0.jar:5.6.0]
	at org.elasticsearch.common.util.concurrent.ThreadContext$ContextPreservingRunnable.run(ThreadContext.java:569) [elasticsearch-5.6.0.jar:5.6.0]
	at org.elasticsearch.common.util.concurrent.PrioritizedEsThreadPoolExecutor$TieBreakingPrioritizedRunnable.runAndClean(PrioritizedEsThreadPoolExecutor.java:247) [elasticsearch-5.6.0.jar:5.6.0]
	at org.elasticsearch.common.util.concurrent.PrioritizedEsThreadPoolExecutor$TieBreakingPrioritizedRunnable.run(PrioritizedEsThreadPoolExecutor.java:210) [elasticsearch-5.6.0.jar:5.6.0]
	at java.util.concurrent.ThreadPoolExecutor.runWorker(Unknown Source) [?:1.8.0_261]
	at java.util.concurrent.ThreadPoolExecutor$Worker.run(Unknown Source) [?:1.8.0_261]
	at java.lang.Thread.run(Unknown Source) [?:1.8.0_261]
[2020-07-31T14:05:36,018][WARN ][o.e.a.b.TransportShardBulkAction] [hHj-txf] unexpected error during the primary phase for action [indices:data/write/bulk[s]], request [BulkShardRequest [[product_suggest][1]] containing [558] requests]
org.elasticsearch.index.IndexNotFoundException: no such index
	at org.elasticsearch.cluster.routing.RoutingTable.shardRoutingTable(RoutingTable.java:137) ~[elasticsearch-5.6.0.jar:5.6.0]
	at org.elasticsearch.action.support.replication.TransportReplicationAction$ReroutePhase.primary(TransportReplicationAction.java:745) ~[elasticsearch-5.6.0.jar:5.6.0]
	at org.elasticsearch.action.support.replication.TransportReplicationAction$ReroutePhase.doRun(TransportReplicationAction.java:680) ~[elasticsearch-5.6.0.jar:5.6.0]
	at org.elasticsearch.common.util.concurrent.AbstractRunnable.run(AbstractRunnable.java:37) ~[elasticsearch-5.6.0.jar:5.6.0]
	at org.elasticsearch.action.support.replication.TransportReplicationAction$ReroutePhase$2.onNewClusterState(TransportReplicationAction.java:835) ~[elasticsearch-5.6.0.jar:5.6.0]
	at org.elasticsearch.cluster.ClusterStateObserver$ContextPreservingListener.onNewClusterState(ClusterStateObserver.java:297) ~[elasticsearch-5.6.0.jar:5.6.0]
	at org.elasticsearch.cluster.ClusterStateObserver$ObserverClusterStateListener.clusterChanged(ClusterStateObserver.java:185) ~[elasticsearch-5.6.0.jar:5.6.0]
	at org.elasticsearch.cluster.service.ClusterService.lambda$publishAndApplyChanges$7(ClusterService.java:777) ~[elasticsearch-5.6.0.jar:5.6.0]
	at java.util.concurrent.ConcurrentHashMap$KeySpliterator.forEachRemaining(Unknown Source) [?:1.8.0_261]
	at java.util.stream.Streams$ConcatSpliterator.forEachRemaining(Unknown Source) [?:1.8.0_261]
	at java.util.stream.ReferencePipeline$Head.forEach(Unknown Source) [?:1.8.0_261]
	at org.elasticsearch.cluster.service.ClusterService.publishAndApplyChanges(ClusterService.java:774) [elasticsearch-5.6.0.jar:5.6.0]
	at org.elasticsearch.cluster.service.ClusterService.runTasks(ClusterService.java:587) [elasticsearch-5.6.0.jar:5.6.0]
	at org.elasticsearch.cluster.service.ClusterService$ClusterServiceTaskBatcher.run(ClusterService.java:263) [elasticsearch-5.6.0.jar:5.6.0]
	at org.elasticsearch.cluster.service.TaskBatcher.runIfNotProcessed(TaskBatcher.java:150) [elasticsearch-5.6.0.jar:5.6.0]
	at org.elasticsearch.cluster.service.TaskBatcher$BatchedTask.run(TaskBatcher.java:188) [elasticsearch-5.6.0.jar:5.6.0]
	at org.elasticsearch.common.util.concurrent.ThreadContext$ContextPreservingRunnable.run(ThreadContext.java:569) [elasticsearch-5.6.0.jar:5.6.0]
	at org.elasticsearch.common.util.concurrent.PrioritizedEsThreadPoolExecutor$TieBreakingPrioritizedRunnable.runAndClean(PrioritizedEsThreadPoolExecutor.java:247) [elasticsearch-5.6.0.jar:5.6.0]
	at org.elasticsearch.common.util.concurrent.PrioritizedEsThreadPoolExecutor$TieBreakingPrioritizedRunnable.run(PrioritizedEsThreadPoolExecutor.java:210) [elasticsearch-5.6.0.jar:5.6.0]
	at java.util.concurrent.ThreadPoolExecutor.runWorker(Unknown Source) [?:1.8.0_261]
	at java.util.concurrent.ThreadPoolExecutor$Worker.run(Unknown Source) [?:1.8.0_261]
	at java.lang.Thread.run(Unknown Source) [?:1.8.0_261]
[2020-07-31T14:05:36,024][WARN ][o.e.a.b.TransportShardBulkAction] [hHj-txf] unexpected error during the primary phase for action [indices:data/write/bulk[s]], request [BulkShardRequest [[product_suggest][4]] containing [572] requests]
org.elasticsearch.index.IndexNotFoundException: no such index
	at org.elasticsearch.cluster.routing.RoutingTable.shardRoutingTable(RoutingTable.java:137) ~[elasticsearch-5.6.0.jar:5.6.0]
	at org.elasticsearch.action.support.replication.TransportReplicationAction$ReroutePhase.primary(TransportReplicationAction.java:745) ~[elasticsearch-5.6.0.jar:5.6.0]
	at org.elasticsearch.action.support.replication.TransportReplicationAction$ReroutePhase.doRun(TransportReplicationAction.java:680) ~[elasticsearch-5.6.0.jar:5.6.0]
	at org.elasticsearch.common.util.concurrent.AbstractRunnable.run(AbstractRunnable.java:37) ~[elasticsearch-5.6.0.jar:5.6.0]
	at org.elasticsearch.action.support.replication.TransportReplicationAction$ReroutePhase$2.onNewClusterState(TransportReplicationAction.java:835) ~[elasticsearch-5.6.0.jar:5.6.0]
	at org.elasticsearch.cluster.ClusterStateObserver$ContextPreservingListener.onNewClusterState(ClusterStateObserver.java:297) ~[elasticsearch-5.6.0.jar:5.6.0]
	at org.elasticsearch.cluster.ClusterStateObserver$ObserverClusterStateListener.clusterChanged(ClusterStateObserver.java:185) ~[elasticsearch-5.6.0.jar:5.6.0]
	at org.elasticsearch.cluster.service.ClusterService.lambda$publishAndApplyChanges$7(ClusterService.java:777) ~[elasticsearch-5.6.0.jar:5.6.0]
	at java.util.concurrent.ConcurrentHashMap$KeySpliterator.forEachRemaining(Unknown Source) [?:1.8.0_261]
	at java.util.stream.Streams$ConcatSpliterator.forEachRemaining(Unknown Source) [?:1.8.0_261]
	at java.util.stream.ReferencePipeline$Head.forEach(Unknown Source) [?:1.8.0_261]
	at org.elasticsearch.cluster.service.ClusterService.publishAndApplyChanges(ClusterService.java:774) [elasticsearch-5.6.0.jar:5.6.0]
	at org.elasticsearch.cluster.service.ClusterService.runTasks(ClusterService.java:587) [elasticsearch-5.6.0.jar:5.6.0]
	at org.elasticsearch.cluster.service.ClusterService$ClusterServiceTaskBatcher.run(ClusterService.java:263) [elasticsearch-5.6.0.jar:5.6.0]
	at org.elasticsearch.cluster.service.TaskBatcher.runIfNotProcessed(TaskBatcher.java:150) [elasticsearch-5.6.0.jar:5.6.0]
	at org.elasticsearch.cluster.service.TaskBatcher$BatchedTask.run(TaskBatcher.java:188) [elasticsearch-5.6.0.jar:5.6.0]
	at org.elasticsearch.common.util.concurrent.ThreadContext$ContextPreservingRunnable.run(ThreadContext.java:569) [elasticsearch-5.6.0.jar:5.6.0]
	at org.elasticsearch.common.util.concurrent.PrioritizedEsThreadPoolExecutor$TieBreakingPrioritizedRunnable.runAndClean(PrioritizedEsThreadPoolExecutor.java:247) [elasticsearch-5.6.0.jar:5.6.0]
	at org.elasticsearch.common.util.concurrent.PrioritizedEsThreadPoolExecutor$TieBreakingPrioritizedRunnable.run(PrioritizedEsThreadPoolExecutor.java:210) [elasticsearch-5.6.0.jar:5.6.0]
	at java.util.concurrent.ThreadPoolExecutor.runWorker(Unknown Source) [?:1.8.0_261]
	at java.util.concurrent.ThreadPoolExecutor$Worker.run(Unknown Source) [?:1.8.0_261]
	at java.lang.Thread.run(Unknown Source) [?:1.8.0_261]
[2020-07-31T15:01:54,860][INFO ][o.e.c.m.MetaDataDeleteIndexService] [hHj-txf] [product_suggest/W1ZHViVUQa6GztNDcqEE-Q] deleting index
[2020-07-31T15:01:55,395][INFO ][o.e.c.m.MetaDataCreateIndexService] [hHj-txf] [product_suggest] creating index, cause [api], templates [], shards [5]/[1], mappings [productes]
[2020-07-31T15:01:56,563][INFO ][o.e.c.m.MetaDataDeleteIndexService] [hHj-txf] [product_suggest/Rjxet3fuQAyPDyOolNEeWw] deleting index
[2020-07-31T15:01:58,260][INFO ][o.e.c.m.MetaDataCreateIndexService] [hHj-txf] [product_suggest] creating index, cause [api], templates [], shards [5]/[1], mappings [productes]
[2020-07-31T15:12:56,564][INFO ][o.e.c.m.MetaDataDeleteIndexService] [hHj-txf] [product_suggest/J4v9Edd7QrW14RdPPD_Qxw] deleting index
[2020-07-31T15:12:56,938][INFO ][o.e.c.m.MetaDataCreateIndexService] [hHj-txf] [product_suggest] creating index, cause [api], templates [], shards [5]/[1], mappings [productes]
[2020-07-31T15:12:57,495][INFO ][o.e.c.m.MetaDataDeleteIndexService] [hHj-txf] [product_suggest/HFSk1IiVSfaya7jeZ4ljtg] deleting index
[2020-07-31T15:12:57,699][INFO ][o.e.c.m.MetaDataCreateIndexService] [hHj-txf] [product_suggest] creating index, cause [api], templates [], shards [5]/[1], mappings [productes]
[2020-07-31T15:12:57,803][WARN ][o.e.a.b.TransportShardBulkAction] [hHj-txf] unexpected error during the primary phase for action [indices:data/write/bulk[s]], request [BulkShardRequest [[product_suggest][0]] containing [543] requests]
org.elasticsearch.index.IndexNotFoundException: no such index
	at org.elasticsearch.cluster.routing.RoutingTable.shardRoutingTable(RoutingTable.java:137) ~[elasticsearch-5.6.0.jar:5.6.0]
	at org.elasticsearch.action.support.replication.TransportReplicationAction$ReroutePhase.primary(TransportReplicationAction.java:745) ~[elasticsearch-5.6.0.jar:5.6.0]
	at org.elasticsearch.action.support.replication.TransportReplicationAction$ReroutePhase.doRun(TransportReplicationAction.java:680) ~[elasticsearch-5.6.0.jar:5.6.0]
	at org.elasticsearch.common.util.concurrent.AbstractRunnable.run(AbstractRunnable.java:37) ~[elasticsearch-5.6.0.jar:5.6.0]
	at org.elasticsearch.action.support.replication.TransportReplicationAction$ReroutePhase$2.onNewClusterState(TransportReplicationAction.java:835) ~[elasticsearch-5.6.0.jar:5.6.0]
	at org.elasticsearch.cluster.ClusterStateObserver$ContextPreservingListener.onNewClusterState(ClusterStateObserver.java:297) ~[elasticsearch-5.6.0.jar:5.6.0]
	at org.elasticsearch.cluster.ClusterStateObserver$ObserverClusterStateListener.clusterChanged(ClusterStateObserver.java:185) ~[elasticsearch-5.6.0.jar:5.6.0]
	at org.elasticsearch.cluster.service.ClusterService.lambda$publishAndApplyChanges$7(ClusterService.java:777) ~[elasticsearch-5.6.0.jar:5.6.0]
	at java.util.concurrent.ConcurrentHashMap$KeySpliterator.forEachRemaining(Unknown Source) [?:1.8.0_261]
	at java.util.stream.Streams$ConcatSpliterator.forEachRemaining(Unknown Source) [?:1.8.0_261]
	at java.util.stream.ReferencePipeline$Head.forEach(Unknown Source) [?:1.8.0_261]
	at org.elasticsearch.cluster.service.ClusterService.publishAndApplyChanges(ClusterService.java:774) [elasticsearch-5.6.0.jar:5.6.0]
	at org.elasticsearch.cluster.service.ClusterService.runTasks(ClusterService.java:587) [elasticsearch-5.6.0.jar:5.6.0]
	at org.elasticsearch.cluster.service.ClusterService$ClusterServiceTaskBatcher.run(ClusterService.java:263) [elasticsearch-5.6.0.jar:5.6.0]
	at org.elasticsearch.cluster.service.TaskBatcher.runIfNotProcessed(TaskBatcher.java:150) [elasticsearch-5.6.0.jar:5.6.0]
	at org.elasticsearch.cluster.service.TaskBatcher$BatchedTask.run(TaskBatcher.java:188) [elasticsearch-5.6.0.jar:5.6.0]
	at org.elasticsearch.common.util.concurrent.ThreadContext$ContextPreservingRunnable.run(ThreadContext.java:569) [elasticsearch-5.6.0.jar:5.6.0]
	at org.elasticsearch.common.util.concurrent.PrioritizedEsThreadPoolExecutor$TieBreakingPrioritizedRunnable.runAndClean(PrioritizedEsThreadPoolExecutor.java:247) [elasticsearch-5.6.0.jar:5.6.0]
	at org.elasticsearch.common.util.concurrent.PrioritizedEsThreadPoolExecutor$TieBreakingPrioritizedRunnable.run(PrioritizedEsThreadPoolExecutor.java:210) [elasticsearch-5.6.0.jar:5.6.0]
	at java.util.concurrent.ThreadPoolExecutor.runWorker(Unknown Source) [?:1.8.0_261]
	at java.util.concurrent.ThreadPoolExecutor$Worker.run(Unknown Source) [?:1.8.0_261]
	at java.lang.Thread.run(Unknown Source) [?:1.8.0_261]
[2020-07-31T15:12:57,824][WARN ][o.e.a.b.TransportShardBulkAction] [hHj-txf] unexpected error during the primary phase for action [indices:data/write/bulk[s]], request [BulkShardRequest [[product_suggest][3]] containing [496] requests]
org.elasticsearch.index.IndexNotFoundException: no such index
	at org.elasticsearch.cluster.routing.RoutingTable.shardRoutingTable(RoutingTable.java:137) ~[elasticsearch-5.6.0.jar:5.6.0]
	at org.elasticsearch.action.support.replication.TransportReplicationAction$ReroutePhase.primary(TransportReplicationAction.java:745) ~[elasticsearch-5.6.0.jar:5.6.0]
	at org.elasticsearch.action.support.replication.TransportReplicationAction$ReroutePhase.doRun(TransportReplicationAction.java:680) ~[elasticsearch-5.6.0.jar:5.6.0]
	at org.elasticsearch.common.util.concurrent.AbstractRunnable.run(AbstractRunnable.java:37) ~[elasticsearch-5.6.0.jar:5.6.0]
	at org.elasticsearch.action.support.replication.TransportReplicationAction$ReroutePhase$2.onNewClusterState(TransportReplicationAction.java:835) ~[elasticsearch-5.6.0.jar:5.6.0]
	at org.elasticsearch.cluster.ClusterStateObserver$ContextPreservingListener.onNewClusterState(ClusterStateObserver.java:297) ~[elasticsearch-5.6.0.jar:5.6.0]
	at org.elasticsearch.cluster.ClusterStateObserver$ObserverClusterStateListener.clusterChanged(ClusterStateObserver.java:185) ~[elasticsearch-5.6.0.jar:5.6.0]
	at org.elasticsearch.cluster.service.ClusterService.lambda$publishAndApplyChanges$7(ClusterService.java:777) ~[elasticsearch-5.6.0.jar:5.6.0]
	at java.util.concurrent.ConcurrentHashMap$KeySpliterator.forEachRemaining(Unknown Source) [?:1.8.0_261]
	at java.util.stream.Streams$ConcatSpliterator.forEachRemaining(Unknown Source) [?:1.8.0_261]
	at java.util.stream.ReferencePipeline$Head.forEach(Unknown Source) [?:1.8.0_261]
	at org.elasticsearch.cluster.service.ClusterService.publishAndApplyChanges(ClusterService.java:774) [elasticsearch-5.6.0.jar:5.6.0]
	at org.elasticsearch.cluster.service.ClusterService.runTasks(ClusterService.java:587) [elasticsearch-5.6.0.jar:5.6.0]
	at org.elasticsearch.cluster.service.ClusterService$ClusterServiceTaskBatcher.run(ClusterService.java:263) [elasticsearch-5.6.0.jar:5.6.0]
	at org.elasticsearch.cluster.service.TaskBatcher.runIfNotProcessed(TaskBatcher.java:150) [elasticsearch-5.6.0.jar:5.6.0]
	at org.elasticsearch.cluster.service.TaskBatcher$BatchedTask.run(TaskBatcher.java:188) [elasticsearch-5.6.0.jar:5.6.0]
	at org.elasticsearch.common.util.concurrent.ThreadContext$ContextPreservingRunnable.run(ThreadContext.java:569) [elasticsearch-5.6.0.jar:5.6.0]
	at org.elasticsearch.common.util.concurrent.PrioritizedEsThreadPoolExecutor$TieBreakingPrioritizedRunnable.runAndClean(PrioritizedEsThreadPoolExecutor.java:247) [elasticsearch-5.6.0.jar:5.6.0]
	at org.elasticsearch.common.util.concurrent.PrioritizedEsThreadPoolExecutor$TieBreakingPrioritizedRunnable.run(PrioritizedEsThreadPoolExecutor.java:210) [elasticsearch-5.6.0.jar:5.6.0]
	at java.util.concurrent.ThreadPoolExecutor.runWorker(Unknown Source) [?:1.8.0_261]
	at java.util.concurrent.ThreadPoolExecutor$Worker.run(Unknown Source) [?:1.8.0_261]
	at java.lang.Thread.run(Unknown Source) [?:1.8.0_261]
[2020-07-31T15:24:37,338][INFO ][o.e.c.m.MetaDataDeleteIndexService] [hHj-txf] [product_suggest/wGXf-nocS76DKd4IHkphLg] deleting index
[2020-07-31T15:24:38,156][INFO ][o.e.c.m.MetaDataCreateIndexService] [hHj-txf] [product_suggest] creating index, cause [api], templates [], shards [5]/[1], mappings [productes]
[2020-07-31T15:24:38,392][INFO ][o.e.c.m.MetaDataDeleteIndexService] [hHj-txf] [product_suggest/AKF3YEBuSpeVgg13gZHjkg] deleting index
[2020-07-31T15:24:38,527][INFO ][o.e.c.m.MetaDataCreateIndexService] [hHj-txf] [product_suggest] creating index, cause [api], templates [], shards [5]/[1], mappings [productes]
[2020-07-31T16:18:08,431][INFO ][o.e.c.m.MetaDataDeleteIndexService] [hHj-txf] [product_suggest/ow6fLxJDR_mha-uMsX9jLA] deleting index
[2020-07-31T16:18:08,903][INFO ][o.e.c.m.MetaDataCreateIndexService] [hHj-txf] [product_suggest] creating index, cause [api], templates [], shards [5]/[1], mappings [productes]
[2020-07-31T16:18:09,558][INFO ][o.e.c.m.MetaDataDeleteIndexService] [hHj-txf] [product_suggest/jgyVCYLdQZ2p3FnXZ34uyw] deleting index
[2020-07-31T16:18:09,966][INFO ][o.e.c.m.MetaDataCreateIndexService] [hHj-txf] [product_suggest] creating index, cause [api], templates [], shards [5]/[1], mappings [productes]
